#
# There is insufficient memory for the Java Runtime Environment to continue.
# Native memory allocation (malloc) failed to allocate 1286096 bytes. Error detail: Chunk::new
# Possible reasons:
#   The system is out of physical RAM or swap space
#   This process is running with CompressedOops enabled, and the Java Heap may be blocking the growth of the native heap
# Possible solutions:
#   Reduce memory load on the system
#   Increase physical memory or swap space
#   Check if swap backing store is full
#   Decrease Java heap size (-Xmx/-Xms)
#   Decrease number of Java threads
#   Decrease Java thread stack sizes (-Xss)
#   Set larger code cache with -XX:ReservedCodeCacheSize=
#   JVM is running with Zero Based Compressed Oops mode in which the Java heap is
#     placed in the first 32GB address space. The Java Heap base address is the
#     maximum limit for the native heap growth. Please use -XX:HeapBaseMinAddress
#     to set the Java Heap base and to place the Java Heap above 32GB virtual address.
# This output file may be truncated or incomplete.
#
#  Out of Memory Error (arena.cpp:168), pid=20348, tid=14988
#
# JRE version: OpenJDK Runtime Environment Temurin-21.0.5+11 (21.0.5+11) (build 21.0.5+11-LTS)
# Java VM: OpenJDK 64-Bit Server VM Temurin-21.0.5+11 (21.0.5+11-LTS, mixed mode, tiered, compressed oops, compressed class ptrs, g1 gc, windows-amd64)
# No core dump will be written. Minidumps are not enabled by default on client versions of Windows
#

---------------  S U M M A R Y ------------

Command Line: -Dballerina.home=C:\Program Files\Ballerina\distributions\ballerina-2201.12.7 org.ballerinalang.langserver.launchers.stdio.Main

Host: 11th Gen Intel(R) Core(TM) i7-1165G7 @ 2.80GHz, 8 cores, 11G,  Windows 11 , 64 bit Build 26100 (10.0.26100.6725)
Time: Tue Dec  9 21:41:16 2025 Sri Lanka Standard Time elapsed time: 33.346604 seconds (0d 0h 0m 33s)

---------------  T H R E A D  ---------------

Current thread (0x0000026f1b1f2000):  JavaThread "C2 CompilerThread1" daemon [_thread_in_native, id=14988, stack(0x000000cfdd900000,0x000000cfdda00000) (1024K)]


Current CompileTask:
C2:33346 8324       4       org.wso2.ballerinalang.compiler.parser.NodeCloner::cloneBLangVariable (80 bytes)

Stack: [0x000000cfdd900000,0x000000cfdda00000]
Native frames: (J=compiled Java code, j=interpreted, Vv=VM code, C=native code)
V  [jvm.dll+0x6cd4e9]
V  [jvm.dll+0x8a7941]
V  [jvm.dll+0x8a9e6e]
V  [jvm.dll+0x8aa543]
V  [jvm.dll+0x27f6d6]
V  [jvm.dll+0xc500d]
V  [jvm.dll+0xc5543]
V  [jvm.dll+0x3b65d2]
V  [jvm.dll+0x382835]
V  [jvm.dll+0x381c9a]
V  [jvm.dll+0x2479d0]
V  [jvm.dll+0x246faf]
V  [jvm.dll+0x1c75ce]
V  [jvm.dll+0x25682a]
V  [jvm.dll+0x254dca]
V  [jvm.dll+0x3f00d6]
V  [jvm.dll+0x8514fb]
V  [jvm.dll+0x6cbbed]
C  [ucrtbase.dll+0x37b0]
C  [KERNEL32.DLL+0x2e8d7]
C  [ntdll.dll+0x8c53c]


---------------  P R O C E S S  ---------------

Threads class SMR info:
_java_thread_list=0x0000026f1d8e4950, length=16, elements={
0x0000026f78284730, 0x0000026f147a88a0, 0x0000026f147a94a0, 0x0000026f147942d0,
0x0000026f14796d30, 0x0000026f14797780, 0x0000026f147981d0, 0x0000026f14798f50,
0x0000026f14799d40, 0x0000026f14a1e550, 0x0000026f14a2d6a0, 0x0000026f1b351010,
0x0000026f19a0f030, 0x0000026f1a280c50, 0x0000026f1b1f2000, 0x0000026f1aa555c0
}

Java Threads: ( => current thread )
  0x0000026f78284730 JavaThread "main"                              [_thread_blocked, id=15284, stack(0x000000cfddc00000,0x000000cfddd00000) (1024K)]
  0x0000026f147a88a0 JavaThread "Reference Handler"          daemon [_thread_blocked, id=33088, stack(0x000000cfde400000,0x000000cfde500000) (1024K)]
  0x0000026f147a94a0 JavaThread "Finalizer"                  daemon [_thread_blocked, id=11228, stack(0x000000cfde500000,0x000000cfde600000) (1024K)]
  0x0000026f147942d0 JavaThread "Signal Dispatcher"          daemon [_thread_blocked, id=20800, stack(0x000000cfde600000,0x000000cfde700000) (1024K)]
  0x0000026f14796d30 JavaThread "Attach Listener"            daemon [_thread_blocked, id=9572, stack(0x000000cfde700000,0x000000cfde800000) (1024K)]
  0x0000026f14797780 JavaThread "Service Thread"             daemon [_thread_blocked, id=32408, stack(0x000000cfde800000,0x000000cfde900000) (1024K)]
  0x0000026f147981d0 JavaThread "Monitor Deflation Thread"   daemon [_thread_blocked, id=19564, stack(0x000000cfde900000,0x000000cfdea00000) (1024K)]
  0x0000026f14798f50 JavaThread "C2 CompilerThread0"         daemon [_thread_in_native, id=5696, stack(0x000000cfdea00000,0x000000cfdeb00000) (1024K)]
  0x0000026f14799d40 JavaThread "C1 CompilerThread0"         daemon [_thread_in_native, id=20288, stack(0x000000cfdeb00000,0x000000cfdec00000) (1024K)]
  0x0000026f14a1e550 JavaThread "Notification Thread"        daemon [_thread_blocked, id=27544, stack(0x000000cfdec00000,0x000000cfded00000) (1024K)]
  0x0000026f14a2d6a0 JavaThread "Common-Cleaner"             daemon [_thread_blocked, id=12416, stack(0x000000cfded00000,0x000000cfdee00000) (1024K)]
  0x0000026f1b351010 JavaThread "pool-1-thread-1"                   [_thread_in_native, id=144, stack(0x000000cfdf600000,0x000000cfdf700000) (1024K)]
  0x0000026f19a0f030 JavaThread "ForkJoinPool.commonPool-worker-1" daemon [_thread_in_vm, id=7252, stack(0x000000cfdf500000,0x000000cfdf600000) (1024K)]
  0x0000026f1a280c50 JavaThread "ForkJoinPool.commonPool-worker-2" daemon [_thread_blocked, id=14060, stack(0x000000cfdf700000,0x000000cfdf800000) (1024K)]
=>0x0000026f1b1f2000 JavaThread "C2 CompilerThread1"         daemon [_thread_in_native, id=14988, stack(0x000000cfdd900000,0x000000cfdda00000) (1024K)]
  0x0000026f1aa555c0 JavaThread "C2 CompilerThread2"         daemon [_thread_in_native, id=2172, stack(0x000000cfdf900000,0x000000cfdfa00000) (1024K)]
Total: 16

Other Threads:
  0x0000026f14719770 VMThread "VM Thread"                           [id=25416, stack(0x000000cfde300000,0x000000cfde400000) (1024K)]
  0x0000026f146921a0 WatcherThread "VM Periodic Task Thread"        [id=28448, stack(0x000000cfde200000,0x000000cfde300000) (1024K)]
  0x0000026f782d6a50 WorkerThread "GC Thread#0"                     [id=14048, stack(0x000000cfddd00000,0x000000cfdde00000) (1024K)]
  0x0000026f197c5b80 WorkerThread "GC Thread#1"                     [id=10444, stack(0x000000cfdee00000,0x000000cfdef00000) (1024K)]
  0x0000026f197c5f20 WorkerThread "GC Thread#2"                     [id=33872, stack(0x000000cfdef00000,0x000000cfdf000000) (1024K)]
  0x0000026f1970e7a0 WorkerThread "GC Thread#3"                     [id=17864, stack(0x000000cfdf000000,0x000000cfdf100000) (1024K)]
  0x0000026f1970f720 WorkerThread "GC Thread#4"                     [id=10428, stack(0x000000cfdf100000,0x000000cfdf200000) (1024K)]
  0x0000026f198cef10 WorkerThread "GC Thread#5"                     [id=28620, stack(0x000000cfdf200000,0x000000cfdf300000) (1024K)]
  0x0000026f198d32c0 WorkerThread "GC Thread#6"                     [id=2004, stack(0x000000cfdf300000,0x000000cfdf400000) (1024K)]
  0x0000026f198d3660 WorkerThread "GC Thread#7"                     [id=26048, stack(0x000000cfdf400000,0x000000cfdf500000) (1024K)]
  0x0000026f782e3d90 ConcurrentGCThread "G1 Main Marker"            [id=10588, stack(0x000000cfdde00000,0x000000cfddf00000) (1024K)]
  0x0000026f782e4890 WorkerThread "G1 Conc#0"                       [id=29396, stack(0x000000cfddf00000,0x000000cfde000000) (1024K)]
  0x0000026f1a294c50 WorkerThread "G1 Conc#1"                       [id=32888, stack(0x000000cfdf800000,0x000000cfdf900000) (1024K)]
  0x0000026f7832e570 ConcurrentGCThread "G1 Refine#0"               [id=3464, stack(0x000000cfde000000,0x000000cfde100000) (1024K)]
  0x0000026f145667c0 ConcurrentGCThread "G1 Service"                [id=25596, stack(0x000000cfde100000,0x000000cfde200000) (1024K)]
Total: 15

Threads with active compile tasks:
C2 CompilerThread0  33379 8419       4       io.ballerina.types.Core::diff (456 bytes)
C1 CompilerThread0  33379 8430       3       io.ballerina.compiler.internal.parser.BallerinaParser::parseMemberAccessKeyExprEnd (68 bytes)
C2 CompilerThread1  33379 8324       4       org.wso2.ballerinalang.compiler.parser.NodeCloner::cloneBLangVariable (80 bytes)
C2 CompilerThread2  33379 8355       4       org.wso2.ballerinalang.compiler.parser.NodeCloner::visit (28 bytes)
Total: 4

VM state: not at safepoint (normal execution)

VM Mutex/Monitor currently owned by a thread: None

Heap address: 0x0000000744c00000, size: 2996 MB, Compressed Oops mode: Zero based, Oop shift amount: 3

CDS archive(s) not mapped
Compressed class space mapped at: 0x0000000800000000-0x0000000840000000, reserved size: 1073741824
Narrow klass base: 0x0000000800000000, Narrow klass shift: 0, Narrow klass range: 0x40000000

GC Precious Log:
 CardTable entry size: 512
 Card Set container configuration: InlinePtr #cards 4 size 8 Array Of Cards #cards 16 size 48 Howl #buckets 8 coarsen threshold 3686 Howl Bitmap #cards 512 size 80 coarsen threshold 460 Card regions per heap region 1 cards per card region 4096
 CPUs: 8 total, 8 available
 Memory: 11982M
 Large Page Support: Disabled
 NUMA Support: Disabled
 Compressed Oops: Enabled (Zero based)
 Heap Region Size: 2M
 Heap Min Capacity: 8M
 Heap Initial Capacity: 188M
 Heap Max Capacity: 2996M
 Pre-touch: Disabled
 Parallel Workers: 8
 Concurrent Workers: 2
 Concurrent Refinement Workers: 8
 Periodic GC: Disabled

Heap:
 garbage-first heap   total 315392K, used 206794K [0x0000000744c00000, 0x0000000800000000)
  region size 2048K, 60 young (122880K), 3 survivors (6144K)
 Metaspace       used 37605K, committed 38016K, reserved 1114112K
  class space    used 3571K, committed 3776K, reserved 1048576K

Heap Regions: E=young(eden), S=young(survivor), O=old, HS=humongous(starts), HC=humongous(continues), CS=collection set, F=free, TAMS=top-at-mark-start, PB=parsable bottom
|   0|0x0000000744c00000, 0x0000000744e00000, 0x0000000744e00000|100%|HS|  |TAMS 0x0000000744c00000| PB 0x0000000744c00000| Complete 
|   1|0x0000000744e00000, 0x0000000745000000, 0x0000000745000000|100%| O|  |TAMS 0x0000000744e00000| PB 0x0000000744e00000| Untracked 
|   2|0x0000000745000000, 0x0000000745200000, 0x0000000745200000|100%| O|  |TAMS 0x0000000745000000| PB 0x0000000745000000| Untracked 
|   3|0x0000000745200000, 0x0000000745400000, 0x0000000745400000|100%| O|  |TAMS 0x0000000745200000| PB 0x0000000745200000| Untracked 
|   4|0x0000000745400000, 0x0000000745600000, 0x0000000745600000|100%| O|  |TAMS 0x0000000745400000| PB 0x0000000745400000| Untracked 
|   5|0x0000000745600000, 0x0000000745800000, 0x0000000745800000|100%| O|  |TAMS 0x0000000745600000| PB 0x0000000745600000| Untracked 
|   6|0x0000000745800000, 0x0000000745a00000, 0x0000000745a00000|100%| O|  |TAMS 0x0000000745800000| PB 0x0000000745800000| Untracked 
|   7|0x0000000745a00000, 0x0000000745c00000, 0x0000000745c00000|100%| O|  |TAMS 0x0000000745a00000| PB 0x0000000745a00000| Untracked 
|   8|0x0000000745c00000, 0x0000000745e00000, 0x0000000745e00000|100%| O|  |TAMS 0x0000000745c00000| PB 0x0000000745c00000| Untracked 
|   9|0x0000000745e00000, 0x0000000746000000, 0x0000000746000000|100%| O|  |TAMS 0x0000000745e00000| PB 0x0000000745e00000| Untracked 
|  10|0x0000000746000000, 0x0000000746200000, 0x0000000746200000|100%| O|  |TAMS 0x0000000746000000| PB 0x0000000746000000| Untracked 
|  11|0x0000000746200000, 0x0000000746400000, 0x0000000746400000|100%| O|  |TAMS 0x0000000746200000| PB 0x0000000746200000| Untracked 
|  12|0x0000000746400000, 0x00000007464c4b90, 0x0000000746600000| 38%| O|  |TAMS 0x0000000746400000| PB 0x0000000746400000| Untracked 
|  13|0x0000000746600000, 0x0000000746800000, 0x0000000746800000|100%| O|  |TAMS 0x0000000746600000| PB 0x0000000746600000| Untracked 
|  14|0x0000000746800000, 0x0000000746a00000, 0x0000000746a00000|100%| O|  |TAMS 0x0000000746800000| PB 0x0000000746800000| Untracked 
|  15|0x0000000746a00000, 0x0000000746c00000, 0x0000000746c00000|100%| O|  |TAMS 0x0000000746a00000| PB 0x0000000746a00000| Untracked 
|  16|0x0000000746c00000, 0x0000000746e00000, 0x0000000746e00000|100%| O|  |TAMS 0x0000000746c00000| PB 0x0000000746c00000| Untracked 
|  17|0x0000000746e00000, 0x0000000747000000, 0x0000000747000000|100%| O|  |TAMS 0x0000000746e00000| PB 0x0000000746e00000| Untracked 
|  18|0x0000000747000000, 0x0000000747200000, 0x0000000747200000|100%| O|  |TAMS 0x0000000747000000| PB 0x0000000747000000| Untracked 
|  19|0x0000000747200000, 0x0000000747400000, 0x0000000747400000|100%| O|  |TAMS 0x0000000747200000| PB 0x0000000747200000| Untracked 
|  20|0x0000000747400000, 0x0000000747600000, 0x0000000747600000|100%| O|  |TAMS 0x0000000747400000| PB 0x0000000747400000| Untracked 
|  21|0x0000000747600000, 0x0000000747800000, 0x0000000747800000|100%| O|  |TAMS 0x0000000747600000| PB 0x0000000747600000| Untracked 
|  22|0x0000000747800000, 0x0000000747800000, 0x0000000747a00000|  0%| F|  |TAMS 0x0000000747800000| PB 0x0000000747800000| Untracked 
|  23|0x0000000747a00000, 0x0000000747a00000, 0x0000000747c00000|  0%| F|  |TAMS 0x0000000747a00000| PB 0x0000000747a00000| Untracked 
|  24|0x0000000747c00000, 0x0000000747e00000, 0x0000000747e00000|100%| O|  |TAMS 0x0000000747c00000| PB 0x0000000747c00000| Untracked 
|  25|0x0000000747e00000, 0x0000000748000000, 0x0000000748000000|100%| O|  |TAMS 0x0000000747e00000| PB 0x0000000747e00000| Untracked 
|  26|0x0000000748000000, 0x0000000748000000, 0x0000000748200000|  0%| F|  |TAMS 0x0000000748000000| PB 0x0000000748000000| Untracked 
|  27|0x0000000748200000, 0x0000000748200000, 0x0000000748400000|  0%| F|  |TAMS 0x0000000748200000| PB 0x0000000748200000| Untracked 
|  28|0x0000000748400000, 0x0000000748400000, 0x0000000748600000|  0%| F|  |TAMS 0x0000000748400000| PB 0x0000000748400000| Untracked 
|  29|0x0000000748600000, 0x0000000748600000, 0x0000000748800000|  0%| F|  |TAMS 0x0000000748600000| PB 0x0000000748600000| Untracked 
|  30|0x0000000748800000, 0x0000000748800000, 0x0000000748a00000|  0%| F|  |TAMS 0x0000000748800000| PB 0x0000000748800000| Untracked 
|  31|0x0000000748a00000, 0x0000000748a00000, 0x0000000748c00000|  0%| F|  |TAMS 0x0000000748a00000| PB 0x0000000748a00000| Untracked 
|  32|0x0000000748c00000, 0x0000000748e00000, 0x0000000748e00000|100%| O|  |TAMS 0x0000000748c00000| PB 0x0000000748c00000| Untracked 
|  33|0x0000000748e00000, 0x0000000748e00000, 0x0000000749000000|  0%| F|  |TAMS 0x0000000748e00000| PB 0x0000000748e00000| Untracked 
|  34|0x0000000749000000, 0x0000000749000000, 0x0000000749200000|  0%| F|  |TAMS 0x0000000749000000| PB 0x0000000749000000| Untracked 
|  35|0x0000000749200000, 0x0000000749400000, 0x0000000749400000|100%| O|  |TAMS 0x0000000749200000| PB 0x0000000749200000| Untracked 
|  36|0x0000000749400000, 0x0000000749600000, 0x0000000749600000|100%| O|  |TAMS 0x0000000749400000| PB 0x0000000749400000| Untracked 
|  37|0x0000000749600000, 0x0000000749600000, 0x0000000749800000|  0%| F|  |TAMS 0x0000000749600000| PB 0x0000000749600000| Untracked 
|  38|0x0000000749800000, 0x0000000749a00000, 0x0000000749a00000|100%| O|  |TAMS 0x0000000749800000| PB 0x0000000749800000| Untracked 
|  39|0x0000000749a00000, 0x0000000749c00000, 0x0000000749c00000|100%| O|  |TAMS 0x0000000749a00000| PB 0x0000000749a00000| Untracked 
|  40|0x0000000749c00000, 0x0000000749e00000, 0x0000000749e00000|100%| O|  |TAMS 0x0000000749c00000| PB 0x0000000749c00000| Untracked 
|  41|0x0000000749e00000, 0x000000074a000000, 0x000000074a000000|100%| O|  |TAMS 0x0000000749e00000| PB 0x0000000749e00000| Untracked 
|  42|0x000000074a000000, 0x000000074a200000, 0x000000074a200000|100%| O|  |TAMS 0x000000074a000000| PB 0x000000074a000000| Untracked 
|  43|0x000000074a200000, 0x000000074a400000, 0x000000074a400000|100%| O|  |TAMS 0x000000074a200000| PB 0x000000074a200000| Untracked 
|  44|0x000000074a400000, 0x000000074a600000, 0x000000074a600000|100%| O|  |TAMS 0x000000074a400000| PB 0x000000074a400000| Untracked 
|  45|0x000000074a600000, 0x000000074a600000, 0x000000074a800000|  0%| F|  |TAMS 0x000000074a600000| PB 0x000000074a600000| Untracked 
|  46|0x000000074a800000, 0x000000074a800000, 0x000000074aa00000|  0%| F|  |TAMS 0x000000074a800000| PB 0x000000074a800000| Untracked 
|  47|0x000000074aa00000, 0x000000074aa00000, 0x000000074ac00000|  0%| F|  |TAMS 0x000000074aa00000| PB 0x000000074aa00000| Untracked 
|  48|0x000000074ac00000, 0x000000074ad2dd70, 0x000000074ae00000| 58%| S|CS|TAMS 0x000000074ac00000| PB 0x000000074ac00000| Complete 
|  49|0x000000074ae00000, 0x000000074b000000, 0x000000074b000000|100%| S|CS|TAMS 0x000000074ae00000| PB 0x000000074ae00000| Complete 
|  50|0x000000074b000000, 0x000000074b200000, 0x000000074b200000|100%| O|  |TAMS 0x000000074b000000| PB 0x000000074b000000| Untracked 
|  51|0x000000074b200000, 0x000000074b400000, 0x000000074b400000|100%| S|CS|TAMS 0x000000074b200000| PB 0x000000074b200000| Complete 
|  52|0x000000074b400000, 0x000000074b600000, 0x000000074b600000|100%| O|  |TAMS 0x000000074b400000| PB 0x000000074b400000| Untracked 
|  53|0x000000074b600000, 0x000000074b600000, 0x000000074b800000|  0%| F|  |TAMS 0x000000074b600000| PB 0x000000074b600000| Untracked 
|  54|0x000000074b800000, 0x000000074ba00000, 0x000000074ba00000|100%| O|  |TAMS 0x000000074b800000| PB 0x000000074b800000| Untracked 
|  55|0x000000074ba00000, 0x000000074bc00000, 0x000000074bc00000|100%| O|  |TAMS 0x000000074ba00000| PB 0x000000074ba00000| Untracked 
|  56|0x000000074bc00000, 0x000000074be00000, 0x000000074be00000|100%| O|  |TAMS 0x000000074bc00000| PB 0x000000074bc00000| Untracked 
|  57|0x000000074be00000, 0x000000074be00000, 0x000000074c000000|  0%| F|  |TAMS 0x000000074be00000| PB 0x000000074be00000| Untracked 
|  58|0x000000074c000000, 0x000000074c200000, 0x000000074c200000|100%| O|  |TAMS 0x000000074c000000| PB 0x000000074c000000| Untracked 
|  59|0x000000074c200000, 0x000000074c400000, 0x000000074c400000|100%| O|  |TAMS 0x000000074c200000| PB 0x000000074c200000| Untracked 
|  60|0x000000074c400000, 0x000000074c600000, 0x000000074c600000|100%| O|  |TAMS 0x000000074c400000| PB 0x000000074c400000| Untracked 
|  61|0x000000074c600000, 0x000000074c800000, 0x000000074c800000|100%| O|  |TAMS 0x000000074c600000| PB 0x000000074c600000| Untracked 
|  62|0x000000074c800000, 0x000000074c800000, 0x000000074ca00000|  0%| F|  |TAMS 0x000000074c800000| PB 0x000000074c800000| Untracked 
|  63|0x000000074ca00000, 0x000000074ca00000, 0x000000074cc00000|  0%| F|  |TAMS 0x000000074ca00000| PB 0x000000074ca00000| Untracked 
|  64|0x000000074cc00000, 0x000000074cc00000, 0x000000074ce00000|  0%| F|  |TAMS 0x000000074cc00000| PB 0x000000074cc00000| Untracked 
|  65|0x000000074ce00000, 0x000000074ce00000, 0x000000074d000000|  0%| F|  |TAMS 0x000000074ce00000| PB 0x000000074ce00000| Untracked 
|  66|0x000000074d000000, 0x000000074d000000, 0x000000074d200000|  0%| F|  |TAMS 0x000000074d000000| PB 0x000000074d000000| Untracked 
|  67|0x000000074d200000, 0x000000074d200000, 0x000000074d400000|  0%| F|  |TAMS 0x000000074d200000| PB 0x000000074d200000| Untracked 
|  68|0x000000074d400000, 0x000000074d400000, 0x000000074d600000|  0%| F|  |TAMS 0x000000074d400000| PB 0x000000074d400000| Untracked 
|  69|0x000000074d600000, 0x000000074d600000, 0x000000074d800000|  0%| F|  |TAMS 0x000000074d600000| PB 0x000000074d600000| Untracked 
|  70|0x000000074d800000, 0x000000074d800000, 0x000000074da00000|  0%| F|  |TAMS 0x000000074d800000| PB 0x000000074d800000| Untracked 
|  71|0x000000074da00000, 0x000000074da00000, 0x000000074dc00000|  0%| F|  |TAMS 0x000000074da00000| PB 0x000000074da00000| Untracked 
|  72|0x000000074dc00000, 0x000000074dc00000, 0x000000074de00000|  0%| F|  |TAMS 0x000000074dc00000| PB 0x000000074dc00000| Untracked 
|  73|0x000000074de00000, 0x000000074de00000, 0x000000074e000000|  0%| F|  |TAMS 0x000000074de00000| PB 0x000000074de00000| Untracked 
|  74|0x000000074e000000, 0x000000074e000000, 0x000000074e200000|  0%| F|  |TAMS 0x000000074e000000| PB 0x000000074e000000| Untracked 
|  75|0x000000074e200000, 0x000000074e200000, 0x000000074e400000|  0%| F|  |TAMS 0x000000074e200000| PB 0x000000074e200000| Untracked 
|  76|0x000000074e400000, 0x000000074e400000, 0x000000074e600000|  0%| F|  |TAMS 0x000000074e400000| PB 0x000000074e400000| Untracked 
|  77|0x000000074e600000, 0x000000074e600000, 0x000000074e800000|  0%| F|  |TAMS 0x000000074e600000| PB 0x000000074e600000| Untracked 
|  78|0x000000074e800000, 0x000000074e800000, 0x000000074ea00000|  0%| F|  |TAMS 0x000000074e800000| PB 0x000000074e800000| Untracked 
|  79|0x000000074ea00000, 0x000000074ea00000, 0x000000074ec00000|  0%| F|  |TAMS 0x000000074ea00000| PB 0x000000074ea00000| Untracked 
|  80|0x000000074ec00000, 0x000000074ec00000, 0x000000074ee00000|  0%| F|  |TAMS 0x000000074ec00000| PB 0x000000074ec00000| Untracked 
|  81|0x000000074ee00000, 0x000000074ee00000, 0x000000074f000000|  0%| F|  |TAMS 0x000000074ee00000| PB 0x000000074ee00000| Untracked 
|  82|0x000000074f000000, 0x000000074f000000, 0x000000074f200000|  0%| F|  |TAMS 0x000000074f000000| PB 0x000000074f000000| Untracked 
|  83|0x000000074f200000, 0x000000074f200000, 0x000000074f400000|  0%| F|  |TAMS 0x000000074f200000| PB 0x000000074f200000| Untracked 
|  84|0x000000074f400000, 0x000000074f400000, 0x000000074f600000|  0%| F|  |TAMS 0x000000074f400000| PB 0x000000074f400000| Untracked 
|  85|0x000000074f600000, 0x000000074f600000, 0x000000074f800000|  0%| F|  |TAMS 0x000000074f600000| PB 0x000000074f600000| Untracked 
|  86|0x000000074f800000, 0x000000074f800000, 0x000000074fa00000|  0%| F|  |TAMS 0x000000074f800000| PB 0x000000074f800000| Untracked 
|  87|0x000000074fa00000, 0x000000074fa00000, 0x000000074fc00000|  0%| F|  |TAMS 0x000000074fa00000| PB 0x000000074fa00000| Untracked 
|  88|0x000000074fc00000, 0x000000074fc00000, 0x000000074fe00000|  0%| F|  |TAMS 0x000000074fc00000| PB 0x000000074fc00000| Untracked 
|  89|0x000000074fe00000, 0x000000074fe00000, 0x0000000750000000|  0%| F|  |TAMS 0x000000074fe00000| PB 0x000000074fe00000| Untracked 
|  90|0x0000000750000000, 0x0000000750200000, 0x0000000750200000|100%| E|  |TAMS 0x0000000750000000| PB 0x0000000750000000| Complete 
|  91|0x0000000750200000, 0x0000000750400000, 0x0000000750400000|100%| E|CS|TAMS 0x0000000750200000| PB 0x0000000750200000| Complete 
|  92|0x0000000750400000, 0x0000000750600000, 0x0000000750600000|100%| E|CS|TAMS 0x0000000750400000| PB 0x0000000750400000| Complete 
|  93|0x0000000750600000, 0x0000000750800000, 0x0000000750800000|100%| E|CS|TAMS 0x0000000750600000| PB 0x0000000750600000| Complete 
|  94|0x0000000750800000, 0x0000000750a00000, 0x0000000750a00000|100%| E|CS|TAMS 0x0000000750800000| PB 0x0000000750800000| Complete 
|  95|0x0000000750a00000, 0x0000000750c00000, 0x0000000750c00000|100%| E|CS|TAMS 0x0000000750a00000| PB 0x0000000750a00000| Complete 
|  96|0x0000000750c00000, 0x0000000750e00000, 0x0000000750e00000|100%| E|CS|TAMS 0x0000000750c00000| PB 0x0000000750c00000| Complete 
|  97|0x0000000750e00000, 0x0000000751000000, 0x0000000751000000|100%| E|CS|TAMS 0x0000000750e00000| PB 0x0000000750e00000| Complete 
|  98|0x0000000751000000, 0x0000000751200000, 0x0000000751200000|100%| E|CS|TAMS 0x0000000751000000| PB 0x0000000751000000| Complete 
|  99|0x0000000751200000, 0x0000000751400000, 0x0000000751400000|100%| E|CS|TAMS 0x0000000751200000| PB 0x0000000751200000| Complete 
| 100|0x0000000751400000, 0x0000000751600000, 0x0000000751600000|100%| E|CS|TAMS 0x0000000751400000| PB 0x0000000751400000| Complete 
| 101|0x0000000751600000, 0x0000000751800000, 0x0000000751800000|100%| E|CS|TAMS 0x0000000751600000| PB 0x0000000751600000| Complete 
| 102|0x0000000751800000, 0x0000000751a00000, 0x0000000751a00000|100%| E|CS|TAMS 0x0000000751800000| PB 0x0000000751800000| Complete 
| 103|0x0000000751a00000, 0x0000000751c00000, 0x0000000751c00000|100%| E|CS|TAMS 0x0000000751a00000| PB 0x0000000751a00000| Complete 
| 104|0x0000000751c00000, 0x0000000751e00000, 0x0000000751e00000|100%| E|CS|TAMS 0x0000000751c00000| PB 0x0000000751c00000| Complete 
| 105|0x0000000751e00000, 0x0000000752000000, 0x0000000752000000|100%| E|CS|TAMS 0x0000000751e00000| PB 0x0000000751e00000| Complete 
| 106|0x0000000752000000, 0x0000000752200000, 0x0000000752200000|100%| E|CS|TAMS 0x0000000752000000| PB 0x0000000752000000| Complete 
| 107|0x0000000752200000, 0x0000000752400000, 0x0000000752400000|100%| E|CS|TAMS 0x0000000752200000| PB 0x0000000752200000| Complete 
| 108|0x0000000752400000, 0x0000000752600000, 0x0000000752600000|100%| E|CS|TAMS 0x0000000752400000| PB 0x0000000752400000| Complete 
| 109|0x0000000752600000, 0x0000000752800000, 0x0000000752800000|100%| E|CS|TAMS 0x0000000752600000| PB 0x0000000752600000| Complete 
| 110|0x0000000752800000, 0x0000000752a00000, 0x0000000752a00000|100%| E|CS|TAMS 0x0000000752800000| PB 0x0000000752800000| Complete 
| 111|0x0000000752a00000, 0x0000000752c00000, 0x0000000752c00000|100%| E|CS|TAMS 0x0000000752a00000| PB 0x0000000752a00000| Complete 
| 112|0x0000000752c00000, 0x0000000752e00000, 0x0000000752e00000|100%| E|CS|TAMS 0x0000000752c00000| PB 0x0000000752c00000| Complete 
| 113|0x0000000752e00000, 0x0000000753000000, 0x0000000753000000|100%| E|CS|TAMS 0x0000000752e00000| PB 0x0000000752e00000| Complete 
| 114|0x0000000753000000, 0x0000000753200000, 0x0000000753200000|100%| E|CS|TAMS 0x0000000753000000| PB 0x0000000753000000| Complete 
| 115|0x0000000753200000, 0x0000000753400000, 0x0000000753400000|100%| E|CS|TAMS 0x0000000753200000| PB 0x0000000753200000| Complete 
| 116|0x0000000753400000, 0x0000000753600000, 0x0000000753600000|100%| E|CS|TAMS 0x0000000753400000| PB 0x0000000753400000| Complete 
| 117|0x0000000753600000, 0x0000000753800000, 0x0000000753800000|100%| E|CS|TAMS 0x0000000753600000| PB 0x0000000753600000| Complete 
| 118|0x0000000753800000, 0x0000000753a00000, 0x0000000753a00000|100%| E|CS|TAMS 0x0000000753800000| PB 0x0000000753800000| Complete 
| 119|0x0000000753a00000, 0x0000000753c00000, 0x0000000753c00000|100%| E|CS|TAMS 0x0000000753a00000| PB 0x0000000753a00000| Complete 
| 120|0x0000000753c00000, 0x0000000753e00000, 0x0000000753e00000|100%| E|CS|TAMS 0x0000000753c00000| PB 0x0000000753c00000| Complete 
| 121|0x0000000753e00000, 0x0000000754000000, 0x0000000754000000|100%| E|CS|TAMS 0x0000000753e00000| PB 0x0000000753e00000| Complete 
| 122|0x0000000754000000, 0x0000000754200000, 0x0000000754200000|100%| E|CS|TAMS 0x0000000754000000| PB 0x0000000754000000| Complete 
| 123|0x0000000754200000, 0x0000000754400000, 0x0000000754400000|100%| E|CS|TAMS 0x0000000754200000| PB 0x0000000754200000| Complete 
| 124|0x0000000754400000, 0x0000000754600000, 0x0000000754600000|100%| E|CS|TAMS 0x0000000754400000| PB 0x0000000754400000| Complete 
| 125|0x0000000754600000, 0x0000000754800000, 0x0000000754800000|100%| E|CS|TAMS 0x0000000754600000| PB 0x0000000754600000| Complete 
| 126|0x0000000754800000, 0x0000000754a00000, 0x0000000754a00000|100%| E|CS|TAMS 0x0000000754800000| PB 0x0000000754800000| Complete 
| 127|0x0000000754a00000, 0x0000000754c00000, 0x0000000754c00000|100%| E|CS|TAMS 0x0000000754a00000| PB 0x0000000754a00000| Complete 
| 128|0x0000000754c00000, 0x0000000754e00000, 0x0000000754e00000|100%| E|CS|TAMS 0x0000000754c00000| PB 0x0000000754c00000| Complete 
| 129|0x0000000754e00000, 0x0000000755000000, 0x0000000755000000|100%| E|CS|TAMS 0x0000000754e00000| PB 0x0000000754e00000| Complete 
| 130|0x0000000755000000, 0x0000000755200000, 0x0000000755200000|100%| E|CS|TAMS 0x0000000755000000| PB 0x0000000755000000| Complete 
| 131|0x0000000755200000, 0x0000000755400000, 0x0000000755400000|100%| E|CS|TAMS 0x0000000755200000| PB 0x0000000755200000| Complete 
| 132|0x0000000755400000, 0x0000000755600000, 0x0000000755600000|100%| E|CS|TAMS 0x0000000755400000| PB 0x0000000755400000| Complete 
| 133|0x0000000755600000, 0x0000000755800000, 0x0000000755800000|100%| E|CS|TAMS 0x0000000755600000| PB 0x0000000755600000| Complete 
| 134|0x0000000755800000, 0x0000000755a00000, 0x0000000755a00000|100%| E|CS|TAMS 0x0000000755800000| PB 0x0000000755800000| Complete 
| 135|0x0000000755a00000, 0x0000000755c00000, 0x0000000755c00000|100%| E|CS|TAMS 0x0000000755a00000| PB 0x0000000755a00000| Complete 
| 136|0x0000000755c00000, 0x0000000755e00000, 0x0000000755e00000|100%| E|CS|TAMS 0x0000000755c00000| PB 0x0000000755c00000| Complete 
| 137|0x0000000755e00000, 0x0000000756000000, 0x0000000756000000|100%| E|CS|TAMS 0x0000000755e00000| PB 0x0000000755e00000| Complete 
| 138|0x0000000756000000, 0x0000000756200000, 0x0000000756200000|100%| E|CS|TAMS 0x0000000756000000| PB 0x0000000756000000| Complete 
| 139|0x0000000756200000, 0x0000000756400000, 0x0000000756400000|100%| E|CS|TAMS 0x0000000756200000| PB 0x0000000756200000| Complete 
| 140|0x0000000756400000, 0x0000000756600000, 0x0000000756600000|100%| E|CS|TAMS 0x0000000756400000| PB 0x0000000756400000| Complete 
| 141|0x0000000756600000, 0x0000000756800000, 0x0000000756800000|100%| E|CS|TAMS 0x0000000756600000| PB 0x0000000756600000| Complete 
| 142|0x0000000756800000, 0x0000000756a00000, 0x0000000756a00000|100%| E|CS|TAMS 0x0000000756800000| PB 0x0000000756800000| Complete 
| 143|0x0000000756a00000, 0x0000000756c00000, 0x0000000756c00000|100%| E|CS|TAMS 0x0000000756a00000| PB 0x0000000756a00000| Complete 
| 144|0x0000000756c00000, 0x0000000756e00000, 0x0000000756e00000|100%| E|CS|TAMS 0x0000000756c00000| PB 0x0000000756c00000| Complete 
| 145|0x0000000756e00000, 0x0000000757000000, 0x0000000757000000|100%| E|CS|TAMS 0x0000000756e00000| PB 0x0000000756e00000| Complete 
| 146|0x0000000757000000, 0x0000000757200000, 0x0000000757200000|100%| E|CS|TAMS 0x0000000757000000| PB 0x0000000757000000| Complete 
| 147|0x0000000757200000, 0x0000000757400000, 0x0000000757400000|100%| E|CS|TAMS 0x0000000757200000| PB 0x0000000757200000| Complete 
| 149|0x0000000757600000, 0x0000000757800000, 0x0000000757800000|100%| E|CS|TAMS 0x0000000757600000| PB 0x0000000757600000| Complete 
| 150|0x0000000757800000, 0x0000000757a00000, 0x0000000757a00000|100%| E|CS|TAMS 0x0000000757800000| PB 0x0000000757800000| Complete 
| 151|0x0000000757a00000, 0x0000000757c00000, 0x0000000757c00000|100%| E|CS|TAMS 0x0000000757a00000| PB 0x0000000757a00000| Complete 
| 152|0x0000000757c00000, 0x0000000757e00000, 0x0000000757e00000|100%| E|CS|TAMS 0x0000000757c00000| PB 0x0000000757c00000| Complete 
| 153|0x0000000757e00000, 0x0000000758000000, 0x0000000758000000|100%| E|CS|TAMS 0x0000000757e00000| PB 0x0000000757e00000| Complete 
| 154|0x0000000758000000, 0x0000000758200000, 0x0000000758200000|100%| E|CS|TAMS 0x0000000758000000| PB 0x0000000758000000| Complete 

Card table byte_map: [0x0000026f7f750000,0x0000026f7fd30000] _byte_map_base: 0x0000026f7bd2a000

Marking Bits: (CMBitMap*) 0x0000026f782d7960
 Bits: [0x0000026f0f000000, 0x0000026f11ed0000)

Polling page: 0x0000026f77930000

Metaspace:

Usage:
  Non-class:     33.25 MB used.
      Class:      3.49 MB used.
       Both:     36.73 MB used.

Virtual space:
  Non-class space:       64.00 MB reserved,      33.44 MB ( 52%) committed,  1 nodes.
      Class space:        1.00 GB reserved,       3.69 MB ( <1%) committed,  1 nodes.
             Both:        1.06 GB reserved,      37.12 MB (  3%) committed. 

Chunk freelists:
   Non-Class:  13.95 MB
       Class:  12.27 MB
        Both:  26.22 MB

MaxMetaspaceSize: unlimited
CompressedClassSpaceSize: 1.00 GB
Initial GC threshold: 21.00 MB
Current GC threshold: 61.50 MB
CDS: off
 - commit_granule_bytes: 65536.
 - commit_granule_words: 8192.
 - virtual_space_node_default_size: 8388608.
 - enlarge_chunks_in_place: 1.
 - use_allocation_guard: 0.


Internal statistics:

num_allocs_failed_limit: 3.
num_arena_births: 550.
num_arena_deaths: 18.
num_vsnodes_births: 2.
num_vsnodes_deaths: 0.
num_space_committed: 591.
num_space_uncommitted: 0.
num_chunks_returned_to_freelist: 27.
num_chunks_taken_from_freelist: 1642.
num_chunk_merges: 5.
num_chunk_splits: 1083.
num_chunks_enlarged: 724.
num_inconsistent_stats: 0.

CodeHeap 'non-profiled nmethods': size=120000Kb used=5310Kb max_used=5516Kb free=114689Kb
 bounds [0x0000026f07ad0000, 0x0000026f08040000, 0x0000026f0f000000]
CodeHeap 'profiled nmethods': size=120000Kb used=15882Kb max_used=16432Kb free=104118Kb
 bounds [0x0000026f00000000, 0x0000026f01010000, 0x0000026f07530000]
CodeHeap 'non-nmethods': size=5760Kb used=1654Kb max_used=1723Kb free=4105Kb
 bounds [0x0000026f07530000, 0x0000026f077a0000, 0x0000026f07ad0000]
 total_blobs=7460 nmethods=6893 adapters=468
 compilation: enabled
              stopped_count=0, restarted_count=0
 full_count=0

Compilation events (20 events):
Event: 31.250 Thread 0x0000026f14799d40 nmethod 8379 0x0000026f00983010 code [0x0000026f009835e0, 0x0000026f00986d98]
Event: 31.251 Thread 0x0000026f14799d40 8382       3       org.wso2.ballerinalang.compiler.semantics.model.types.BStringSubType::getKind (4 bytes)
Event: 31.251 Thread 0x0000026f14799d40 nmethod 8382 0x0000026f00408010 code [0x0000026f004081a0, 0x0000026f004082b8]
Event: 31.251 Thread 0x0000026f14799d40 8380       3       org.wso2.ballerinalang.compiler.semantics.analyzer.TypeChecker::visit (10 bytes)
Event: 31.251 Thread 0x0000026f14799d40 nmethod 8380 0x0000026f0053ae90 code [0x0000026f0053b040, 0x0000026f0053b2f0]
Event: 31.252 Thread 0x0000026f14799d40 8384       3       org.wso2.ballerinalang.compiler.semantics.analyzer.TypeParamAnalyzer::updateTypeParamAndBoundType (95 bytes)
Event: 31.253 Thread 0x0000026f14798f50 nmethod 8366 0x0000026f07e03f10 code [0x0000026f07e041a0, 0x0000026f07e04a98]
Event: 31.253 Thread 0x0000026f14798f50 8381       4       org.wso2.ballerinalang.compiler.semantics.analyzer.TypeChecker::markAndRegisterClosureVariable (482 bytes)
Event: 31.254 Thread 0x0000026f14799d40 nmethod 8384 0x0000026f00539e10 code [0x0000026f0053a060, 0x0000026f0053aa30]
Event: 31.260 Thread 0x0000026f14799d40 8388       3       org.wso2.ballerinalang.compiler.semantics.analyzer.TypeChecker::visit (10 bytes)
Event: 31.260 Thread 0x0000026f14799d40 nmethod 8388 0x0000026f000b9e10 code [0x0000026f000b9fc0, 0x0000026f000ba280]
Event: 31.260 Thread 0x0000026f14799d40 8390       3       org.wso2.ballerinalang.compiler.semantics.analyzer.TypeParamAnalyzer::getMatchingBoundType (14 bytes)
Event: 31.261 Thread 0x0000026f14799d40 nmethod 8390 0x0000026f000b9510 code [0x0000026f000b9700, 0x0000026f000b9c08]
Event: 31.261 Thread 0x0000026f14799d40 8389       3       org.wso2.ballerinalang.compiler.semantics.analyzer.TypeChecker::visit (7 bytes)
Event: 31.261 Thread 0x0000026f14799d40 nmethod 8389 0x0000026f0051f310 code [0x0000026f0051f4c0, 0x0000026f0051f680]
Event: 31.264 Thread 0x0000026f14799d40 8392       3       io.ballerina.types.typeops.IntOps::union (71 bytes)
Event: 31.265 Thread 0x0000026f14799d40 nmethod 8392 0x0000026f00328510 code [0x0000026f00328740, 0x0000026f00328f88]
Event: 31.265 Thread 0x0000026f14799d40 8393       3       java.lang.invoke.Invokers$Holder::linkToTargetMethod (9 bytes)
Event: 31.265 Thread 0x0000026f14799d40 nmethod 8393 0x0000026f000b8d10 code [0x0000026f000b8ee0, 0x0000026f000b91e8]
Event: 31.265 Thread 0x0000026f14799d40 8397       3       java.text.MessageFormat::subformat (542 bytes)

GC Heap History (20 events):
Event: 25.645 GC heap before
{Heap before GC invocations=34 (full 0):
 garbage-first heap   total 219136K, used 162187K [0x0000000744c00000, 0x0000000800000000)
  region size 2048K, 28 young (57344K), 1 survivors (2048K)
 Metaspace       used 36971K, committed 37376K, reserved 1114112K
  class space    used 3556K, committed 3776K, reserved 1048576K
}
Event: 25.661 GC heap after
{Heap after GC invocations=35 (full 0):
 garbage-first heap   total 219136K, used 99553K [0x0000000744c00000, 0x0000000800000000)
  region size 2048K, 4 young (8192K), 4 survivors (8192K)
 Metaspace       used 36971K, committed 37376K, reserved 1114112K
  class space    used 3556K, committed 3776K, reserved 1048576K
}
Event: 26.345 GC heap before
{Heap before GC invocations=35 (full 0):
 garbage-first heap   total 219136K, used 167137K [0x0000000744c00000, 0x0000000800000000)
  region size 2048K, 37 young (75776K), 4 survivors (8192K)
 Metaspace       used 37100K, committed 37504K, reserved 1114112K
  class space    used 3557K, committed 3776K, reserved 1048576K
}
Event: 26.366 GC heap after
{Heap after GC invocations=36 (full 0):
 garbage-first heap   total 219136K, used 110446K [0x0000000744c00000, 0x0000000800000000)
  region size 2048K, 5 young (10240K), 5 survivors (10240K)
 Metaspace       used 37100K, committed 37504K, reserved 1114112K
  class space    used 3557K, committed 3776K, reserved 1048576K
}
Event: 27.322 GC heap before
{Heap before GC invocations=36 (full 0):
 garbage-first heap   total 219136K, used 173934K [0x0000000744c00000, 0x0000000800000000)
  region size 2048K, 36 young (73728K), 5 survivors (10240K)
 Metaspace       used 37251K, committed 37632K, reserved 1114112K
  class space    used 3560K, committed 3776K, reserved 1048576K
}
Event: 27.342 GC heap after
{Heap after GC invocations=37 (full 0):
 garbage-first heap   total 264192K, used 117826K [0x0000000744c00000, 0x0000000800000000)
  region size 2048K, 4 young (8192K), 4 survivors (8192K)
 Metaspace       used 37251K, committed 37632K, reserved 1114112K
  class space    used 3560K, committed 3776K, reserved 1048576K
}
Event: 28.011 GC heap before
{Heap before GC invocations=37 (full 0):
 garbage-first heap   total 264192K, used 207938K [0x0000000744c00000, 0x0000000800000000)
  region size 2048K, 48 young (98304K), 4 survivors (8192K)
 Metaspace       used 37306K, committed 37760K, reserved 1114112K
  class space    used 3568K, committed 3776K, reserved 1048576K
}
Event: 28.023 GC heap after
{Heap after GC invocations=38 (full 0):
 garbage-first heap   total 264192K, used 120283K [0x0000000744c00000, 0x0000000800000000)
  region size 2048K, 5 young (10240K), 5 survivors (10240K)
 Metaspace       used 37306K, committed 37760K, reserved 1114112K
  class space    used 3568K, committed 3776K, reserved 1048576K
}
Event: 28.358 GC heap before
{Heap before GC invocations=38 (full 0):
 garbage-first heap   total 264192K, used 224731K [0x0000000744c00000, 0x0000000800000000)
  region size 2048K, 56 young (114688K), 5 survivors (10240K)
 Metaspace       used 37306K, committed 37760K, reserved 1114112K
  class space    used 3568K, committed 3776K, reserved 1048576K
}
Event: 28.367 GC heap after
{Heap after GC invocations=39 (full 0):
 garbage-first heap   total 264192K, used 120343K [0x0000000744c00000, 0x0000000800000000)
  region size 2048K, 2 young (4096K), 2 survivors (4096K)
 Metaspace       used 37306K, committed 37760K, reserved 1114112K
  class space    used 3568K, committed 3776K, reserved 1048576K
}
Event: 28.717 GC heap before
{Heap before GC invocations=40 (full 0):
 garbage-first heap   total 264192K, used 226839K [0x0000000744c00000, 0x0000000800000000)
  region size 2048K, 58 young (118784K), 2 survivors (4096K)
 Metaspace       used 37292K, committed 37760K, reserved 1114112K
  class space    used 3564K, committed 3776K, reserved 1048576K
}
Event: 28.722 GC heap after
{Heap after GC invocations=41 (full 0):
 garbage-first heap   total 264192K, used 111664K [0x0000000744c00000, 0x0000000800000000)
  region size 2048K, 2 young (4096K), 2 survivors (4096K)
 Metaspace       used 37292K, committed 37760K, reserved 1114112K
  class space    used 3564K, committed 3776K, reserved 1048576K
}
Event: 29.118 GC heap before
{Heap before GC invocations=41 (full 0):
 garbage-first heap   total 264192K, used 240688K [0x0000000744c00000, 0x0000000800000000)
  region size 2048K, 65 young (133120K), 2 survivors (4096K)
 Metaspace       used 37294K, committed 37760K, reserved 1114112K
  class space    used 3564K, committed 3776K, reserved 1048576K
}
Event: 29.126 GC heap after
{Heap after GC invocations=42 (full 0):
 garbage-first heap   total 264192K, used 91542K [0x0000000744c00000, 0x0000000800000000)
  region size 2048K, 2 young (4096K), 2 survivors (4096K)
 Metaspace       used 37294K, committed 37760K, reserved 1114112K
  class space    used 3564K, committed 3776K, reserved 1048576K
}
Event: 29.885 GC heap before
{Heap before GC invocations=42 (full 0):
 garbage-first heap   total 264192K, used 243094K [0x0000000744c00000, 0x0000000800000000)
  region size 2048K, 76 young (155648K), 2 survivors (4096K)
 Metaspace       used 37298K, committed 37760K, reserved 1114112K
  class space    used 3564K, committed 3776K, reserved 1048576K
}
Event: 29.889 GC heap after
{Heap after GC invocations=43 (full 0):
 garbage-first heap   total 317440K, used 91414K [0x0000000744c00000, 0x0000000800000000)
  region size 2048K, 2 young (4096K), 2 survivors (4096K)
 Metaspace       used 37298K, committed 37760K, reserved 1114112K
  class space    used 3564K, committed 3776K, reserved 1048576K
}
Event: 30.502 GC heap before
{Heap before GC invocations=44 (full 0):
 garbage-first heap   total 315392K, used 275734K [0x0000000744c00000, 0x0000000800000000)
  region size 2048K, 92 young (188416K), 2 survivors (4096K)
 Metaspace       used 37298K, committed 37760K, reserved 1114112K
  class space    used 3564K, committed 3776K, reserved 1048576K
}
Event: 30.507 GC heap after
{Heap after GC invocations=45 (full 0):
 garbage-first heap   total 315392K, used 91356K [0x0000000744c00000, 0x0000000800000000)
  region size 2048K, 2 young (4096K), 2 survivors (4096K)
 Metaspace       used 37298K, committed 37760K, reserved 1114112K
  class space    used 3564K, committed 3776K, reserved 1048576K
}
Event: 30.995 GC heap before
{Heap before GC invocations=45 (full 0):
 garbage-first heap   total 315392K, used 275676K [0x0000000744c00000, 0x0000000800000000)
  region size 2048K, 92 young (188416K), 2 survivors (4096K)
 Metaspace       used 37444K, committed 37888K, reserved 1114112K
  class space    used 3567K, committed 3776K, reserved 1048576K
}
Event: 31.005 GC heap after
{Heap after GC invocations=46 (full 0):
 garbage-first heap   total 315392K, used 92106K [0x0000000744c00000, 0x0000000800000000)
  region size 2048K, 3 young (6144K), 3 survivors (6144K)
 Metaspace       used 37444K, committed 37888K, reserved 1114112K
  class space    used 3567K, committed 3776K, reserved 1048576K
}

Dll operation events (5 events):
Event: 0.054 Loaded shared library C:\Program Files\Ballerina\dependencies\jdk-21.0.5+11-jre\bin\java.dll
Event: 0.622 Loaded shared library C:\Program Files\Ballerina\dependencies\jdk-21.0.5+11-jre\bin\net.dll
Event: 0.628 Loaded shared library C:\Program Files\Ballerina\dependencies\jdk-21.0.5+11-jre\bin\nio.dll
Event: 0.641 Loaded shared library C:\Program Files\Ballerina\dependencies\jdk-21.0.5+11-jre\bin\zip.dll
Event: 1.279 Loaded shared library C:\Program Files\Ballerina\dependencies\jdk-21.0.5+11-jre\bin\jimage.dll

Deoptimization events (20 events):
Event: 31.233 Thread 0x0000026f19a0f030 DEOPT PACKING pc=0x0000026f0801c4c4 sp=0x000000cfdf5fcf30
Event: 31.233 Thread 0x0000026f19a0f030 DEOPT UNPACKING pc=0x0000026f07587da2 sp=0x000000cfdf5fced0 mode 2
Event: 31.233 Thread 0x0000026f19a0f030 Uncommon trap: trap_request=0xffffff45 fr.pc=0x0000026f07fed350 relative=0x00000000000019f0
Event: 31.233 Thread 0x0000026f19a0f030 Uncommon trap: reason=unstable_if action=reinterpret pc=0x0000026f07fed350 method=io.ballerina.types.EnumerableSubtype.enumerableSubtypeIntersect(Lio/ballerina/types/EnumerableSubtype;Lio/ballerina/types/EnumerableSubtype;Ljava/util/List;)Z @ 12 c2
Event: 31.233 Thread 0x0000026f19a0f030 DEOPT PACKING pc=0x0000026f07fed350 sp=0x000000cfdf5fcee0
Event: 31.233 Thread 0x0000026f19a0f030 DEOPT UNPACKING pc=0x0000026f07587da2 sp=0x000000cfdf5fcec0 mode 2
Event: 31.243 Thread 0x0000026f19a0f030 Uncommon trap: trap_request=0xffffff45 fr.pc=0x0000026f07d94958 relative=0x00000000000011f8
Event: 31.243 Thread 0x0000026f19a0f030 Uncommon trap: reason=unstable_if action=reinterpret pc=0x0000026f07d94958 method=org.wso2.ballerinalang.compiler.util.TypeTags.isStringTypeTag(I)Z @ 1 c2
Event: 31.244 Thread 0x0000026f19a0f030 DEOPT PACKING pc=0x0000026f07d94958 sp=0x000000cfdf5fbf50
Event: 31.244 Thread 0x0000026f19a0f030 DEOPT UNPACKING pc=0x0000026f07587da2 sp=0x000000cfdf5fbe28 mode 2
Event: 31.244 Thread 0x0000026f19a0f030 Uncommon trap: trap_request=0xffffff45 fr.pc=0x0000026f080321c4 relative=0x0000000000000bc4
Event: 31.244 Thread 0x0000026f19a0f030 Uncommon trap: reason=unstable_if action=reinterpret pc=0x0000026f080321c4 method=io.ballerina.types.subtypedata.StringSubtype.createStringSubtype(Lio/ballerina/types/subtypedata/CharStringSubtype;Lio/ballerina/types/subtypedata/NonCharStringSubtype;)Lio/
Event: 31.244 Thread 0x0000026f19a0f030 DEOPT PACKING pc=0x0000026f080321c4 sp=0x000000cfdf5fc3e0
Event: 31.244 Thread 0x0000026f19a0f030 DEOPT UNPACKING pc=0x0000026f07587da2 sp=0x000000cfdf5fc320 mode 2
Event: 31.245 Thread 0x0000026f19a0f030 Uncommon trap: trap_request=0xffffff45 fr.pc=0x0000026f07db4a74 relative=0x0000000000000714
Event: 31.245 Thread 0x0000026f19a0f030 Uncommon trap: reason=unstable_if action=reinterpret pc=0x0000026f07db4a74 method=org.wso2.ballerinalang.compiler.util.TypeTags.isStringTypeTag(I)Z @ 1 c2
Event: 31.245 Thread 0x0000026f19a0f030 DEOPT PACKING pc=0x0000026f07db4a74 sp=0x000000cfdf5fbc80
Event: 31.245 Thread 0x0000026f19a0f030 DEOPT UNPACKING pc=0x0000026f07587da2 sp=0x000000cfdf5fbbc8 mode 2
Event: 31.271 Thread 0x0000026f19a0f030 Uncommon trap: trap_request=0xffffff45 fr.pc=0x0000026f07f80964 relative=0x0000000000001564
Event: 32.277 Thread 0x0000026f19a0f030 Uncommon trap: reason=unstable_if action=reinterpret pc=0x0000026f07f80964 method=io.ballerina.types.Core.intersect(Lio/ballerina/types/SemType;Lio/ballerina/types/SemType;)Lio/ballerina/types/SemType; @ 46 c2

Classes loaded (20 events):
Event: 11.763 Loading class java/text/AttributedCharacterIterator$Attribute
Event: 11.763 Loading class java/text/AttributedCharacterIterator$Attribute done
Event: 11.763 Loading class java/text/Format$Field done
Event: 11.763 Loading class java/text/MessageFormat$Field done
Event: 12.006 Loading class sun/nio/fs/WindowsUriSupport
Event: 12.010 Loading class sun/nio/fs/WindowsUriSupport done
Event: 12.011 Loading class java/net/URLClassLoader$1
Event: 12.013 Loading class java/net/URLClassLoader$1 done
Event: 12.016 Loading class java/io/FilePermission$1
Event: 12.018 Loading class jdk/internal/access/JavaIOFilePermissionAccess
Event: 12.027 Loading class jdk/internal/access/JavaIOFilePermissionAccess done
Event: 12.027 Loading class java/io/FilePermission$1 done
Event: 12.027 Loading class java/io/FilePermissionCollection
Event: 12.028 Loading class java/io/FilePermissionCollection done
Event: 13.274 Loading class java/io/RandomAccessFile$1
Event: 13.280 Loading class java/io/RandomAccessFile$1 done
Event: 13.783 Loading class sun/invoke/util/VerifyAccess$1
Event: 13.784 Loading class sun/invoke/util/VerifyAccess$1 done
Event: 14.738 Loading class java/lang/foreign/MemorySegment
Event: 14.741 Loading class java/lang/foreign/MemorySegment done

Classes unloaded (20 events):
Event: 15.628 Thread 0x0000026f14719770 Unloading class 0x0000000800395460 'io/ballerina/stdlib/constraint/compiler/ConstraintCompilerPluginUtils'
Event: 15.628 Thread 0x0000026f14719770 Unloading class 0x0000000800395220 'io/ballerina/stdlib/constraint/compiler/TypeConstraintValidator$$Lambda+0x0000000800395220'
Event: 15.628 Thread 0x0000026f14719770 Unloading class 0x0000000800395000 'io/ballerina/stdlib/constraint/compiler/TypeConstraintValidator'
Event: 15.628 Thread 0x0000026f14719770 Unloading class 0x0000000800394c00 'io/ballerina/stdlib/constraint/compiler/RecordFieldConstraintValidator'
Event: 15.628 Thread 0x0000026f14719770 Unloading class 0x0000000800394a00 'io/ballerina/stdlib/constraint/compiler/ConstraintCodeAnalyzer'
Event: 15.628 Thread 0x0000026f14719770 Unloading class 0x0000000800394800 'io/ballerina/stdlib/constraint/compiler/ConstraintCompilerPlugin'
Event: 23.785 Thread 0x0000026f14719770 Unloading class 0x00000008003ad200 'io/ballerina/stdlib/log/compiler/staticcodeanalyzer/StaticCodeAnalyzer'
Event: 23.785 Thread 0x0000026f14719770 Unloading class 0x00000008003ad000 'io/ballerina/stdlib/log/compiler/LogCompilerPlugin'
Event: 23.785 Thread 0x0000026f14719770 Unloading class 0x00000008003aca00 'io/ballerina/stdlib/io/compiler/staticcodeanalyzer/IOCodeAnalyzer'
Event: 23.785 Thread 0x0000026f14719770 Unloading class 0x00000008003ac800 'io/ballerina/stdlib/io/compiler/IOCompilerPlugin'
Event: 23.785 Thread 0x0000026f14719770 Unloading class 0x00000008003ac200 'io/ballerina/stdlib/log/compiler/staticcodeanalyzer/StaticCodeAnalyzer'
Event: 23.785 Thread 0x0000026f14719770 Unloading class 0x00000008003ac000 'io/ballerina/stdlib/log/compiler/LogCompilerPlugin'
Event: 28.461 Thread 0x0000026f14719770 Unloading class 0x00000008003baa00 'io/ballerina/stdlib/log/compiler/staticcodeanalyzer/StaticCodeAnalyzer'
Event: 28.461 Thread 0x0000026f14719770 Unloading class 0x00000008003ba800 'io/ballerina/stdlib/log/compiler/LogCompilerPlugin'
Event: 28.461 Thread 0x0000026f14719770 Unloading class 0x00000008003ba200 'io/ballerina/stdlib/io/compiler/staticcodeanalyzer/IOCodeAnalyzer'
Event: 28.461 Thread 0x0000026f14719770 Unloading class 0x00000008003ba000 'io/ballerina/stdlib/io/compiler/IOCompilerPlugin'
Event: 28.461 Thread 0x0000026f14719770 Unloading class 0x00000008003b8000 'io/ballerina/stdlib/io/compiler/staticcodeanalyzer/IOCodeAnalyzer'
Event: 28.461 Thread 0x0000026f14719770 Unloading class 0x00000008003b3400 'io/ballerina/stdlib/io/compiler/IOCompilerPlugin'
Event: 28.461 Thread 0x0000026f14719770 Unloading class 0x00000008003b3a00 'io/ballerina/stdlib/os/compiler/staticcodeanalyzer/OSStaticCodeAnalyzer'
Event: 28.461 Thread 0x0000026f14719770 Unloading class 0x00000008003b3800 'io/ballerina/stdlib/os/compiler/OSCompilerPlugin'

Classes redefined (0 events):
No events

Internal exceptions (20 events):
Event: 24.274 Thread 0x0000026f19a0f030 Exception <a 'sun/nio/fs/WindowsException'{0x00000007517a60b0}> (0x00000007517a60b0) 
thrown [s\src\hotspot\share\prims\jni.cpp, line 520]
Event: 24.277 Thread 0x0000026f19a0f030 Exception <a 'sun/nio/fs/WindowsException'{0x00000007517c2190}> (0x00000007517c2190) 
thrown [s\src\hotspot\share\prims\jni.cpp, line 520]
Event: 24.278 Thread 0x0000026f19a0f030 Exception <a 'sun/nio/fs/WindowsException'{0x00000007517c2cf0}> (0x00000007517c2cf0) 
thrown [s\src\hotspot\share\prims\jni.cpp, line 520]
Event: 24.280 Thread 0x0000026f19a0f030 Exception <a 'sun/nio/fs/WindowsException'{0x00000007517e5fa0}> (0x00000007517e5fa0) 
thrown [s\src\hotspot\share\prims\jni.cpp, line 520]
Event: 24.281 Thread 0x0000026f19a0f030 Exception <a 'sun/nio/fs/WindowsException'{0x00000007517efaf0}> (0x00000007517efaf0) 
thrown [s\src\hotspot\share\prims\jni.cpp, line 520]
Event: 24.281 Thread 0x0000026f19a0f030 Exception <a 'sun/nio/fs/WindowsException'{0x00000007517f04c0}> (0x00000007517f04c0) 
thrown [s\src\hotspot\share\prims\jni.cpp, line 520]
Event: 24.281 Thread 0x0000026f19a0f030 Exception <a 'sun/nio/fs/WindowsException'{0x00000007517f0d20}> (0x00000007517f0d20) 
thrown [s\src\hotspot\share\prims\jni.cpp, line 520]
Event: 24.290 Thread 0x0000026f19a0f030 Exception <a 'sun/nio/fs/WindowsException'{0x00000007514161b8}> (0x00000007514161b8) 
thrown [s\src\hotspot\share\prims\jni.cpp, line 520]
Event: 24.290 Thread 0x0000026f19a0f030 Exception <a 'sun/nio/fs/WindowsException'{0x0000000751416d10}> (0x0000000751416d10) 
thrown [s\src\hotspot\share\prims\jni.cpp, line 520]
Event: 24.293 Thread 0x0000026f19a0f030 Exception <a 'sun/nio/fs/WindowsException'{0x0000000751443bd0}> (0x0000000751443bd0) 
thrown [s\src\hotspot\share\prims\jni.cpp, line 520]
Event: 24.297 Thread 0x0000026f19a0f030 Exception <a 'sun/nio/fs/WindowsException'{0x0000000751455840}> (0x0000000751455840) 
thrown [s\src\hotspot\share\prims\jni.cpp, line 520]
Event: 24.297 Thread 0x0000026f19a0f030 Exception <a 'sun/nio/fs/WindowsException'{0x00000007514560b8}> (0x00000007514560b8) 
thrown [s\src\hotspot\share\prims\jni.cpp, line 520]
Event: 24.305 Thread 0x0000026f19a0f030 Exception <a 'sun/nio/fs/WindowsException'{0x0000000751475940}> (0x0000000751475940) 
thrown [s\src\hotspot\share\prims\jni.cpp, line 520]
Event: 24.305 Thread 0x0000026f19a0f030 Exception <a 'sun/nio/fs/WindowsException'{0x00000007514764f8}> (0x00000007514764f8) 
thrown [s\src\hotspot\share\prims\jni.cpp, line 520]
Event: 24.400 Thread 0x0000026f19a0f030 Exception <a 'sun/nio/fs/WindowsException'{0x00000007504e2360}> (0x00000007504e2360) 
thrown [s\src\hotspot\share\prims\jni.cpp, line 520]
Event: 24.428 Thread 0x0000026f19a0f030 Exception <a 'sun/nio/fs/WindowsException'{0x00000007502da748}> (0x00000007502da748) 
thrown [s\src\hotspot\share\prims\jni.cpp, line 520]
Event: 26.395 Thread 0x0000026f19a0f030 Implicit null exception at 0x0000026f07ed7784 to 0x0000026f07ed87e8
Event: 30.880 Thread 0x0000026f19a0f030 Implicit null exception at 0x0000026f07cef746 to 0x0000026f07cf0c58
Event: 30.886 Thread 0x0000026f19a0f030 Implicit null exception at 0x0000026f07ed5804 to 0x0000026f07ed65b8
Event: 30.905 Thread 0x0000026f19a0f030 Implicit null exception at 0x0000026f07dd1989 to 0x0000026f07dd21cf

ZGC Phase Switch (0 events):
No events

VM Operations (20 events):
Event: 28.529 Executing VM operation: G1PauseCleanup done
Event: 28.717 Executing VM operation: G1CollectForAllocation (G1 Evacuation Pause)
Event: 28.722 Executing VM operation: G1CollectForAllocation (G1 Evacuation Pause) done
Event: 29.118 Executing VM operation: G1CollectForAllocation (G1 Evacuation Pause)
Event: 29.126 Executing VM operation: G1CollectForAllocation (G1 Evacuation Pause) done
Event: 29.885 Executing VM operation: G1CollectForAllocation (G1 Evacuation Pause)
Event: 29.889 Executing VM operation: G1CollectForAllocation (G1 Evacuation Pause) done
Event: 29.985 Executing VM operation: G1PauseRemark
Event: 30.005 Executing VM operation: G1PauseRemark done
Event: 30.059 Executing VM operation: G1PauseCleanup
Event: 30.060 Executing VM operation: G1PauseCleanup done
Event: 30.502 Executing VM operation: G1CollectForAllocation (G1 Evacuation Pause)
Event: 30.507 Executing VM operation: G1CollectForAllocation (G1 Evacuation Pause) done
Event: 30.935 Executing VM operation: ICBufferFull
Event: 30.935 Executing VM operation: ICBufferFull done
Event: 30.995 Executing VM operation: G1CollectForAllocation (G1 Evacuation Pause)
Event: 31.005 Executing VM operation: G1CollectForAllocation (G1 Evacuation Pause) done
Event: 31.155 Executing VM operation: ICBufferFull
Event: 31.155 Executing VM operation: ICBufferFull done
Event: 32.168 Executing VM operation: Cleanup

Memory protections (0 events):
No events

Nmethod flushes (20 events):
Event: 30.004 Thread 0x0000026f14719770 flushing  nmethod 0x0000026f00989090
Event: 30.004 Thread 0x0000026f14719770 flushing  nmethod 0x0000026f0098a210
Event: 30.004 Thread 0x0000026f14719770 flushing  nmethod 0x0000026f0099a490
Event: 30.004 Thread 0x0000026f14719770 flushing  nmethod 0x0000026f0099b010
Event: 30.004 Thread 0x0000026f14719770 flushing  nmethod 0x0000026f00a39890
Event: 30.004 Thread 0x0000026f14719770 flushing  nmethod 0x0000026f00ae5890
Event: 30.004 Thread 0x0000026f14719770 flushing  nmethod 0x0000026f00ae6d10
Event: 30.004 Thread 0x0000026f14719770 flushing  nmethod 0x0000026f00aedc10
Event: 30.004 Thread 0x0000026f14719770 flushing  nmethod 0x0000026f00b56a90
Event: 30.004 Thread 0x0000026f14719770 flushing  nmethod 0x0000026f00b57e90
Event: 30.004 Thread 0x0000026f14719770 flushing  nmethod 0x0000026f00b59090
Event: 30.004 Thread 0x0000026f14719770 flushing  nmethod 0x0000026f00b83e10
Event: 30.004 Thread 0x0000026f14719770 flushing  nmethod 0x0000026f00b85b10
Event: 30.004 Thread 0x0000026f14719770 flushing  nmethod 0x0000026f00b86a10
Event: 30.004 Thread 0x0000026f14719770 flushing  nmethod 0x0000026f00c18810
Event: 30.004 Thread 0x0000026f14719770 flushing  nmethod 0x0000026f00e04410
Event: 30.004 Thread 0x0000026f14719770 flushing  nmethod 0x0000026f01001f10
Event: 30.004 Thread 0x0000026f14719770 flushing  nmethod 0x0000026f01004890
Event: 30.004 Thread 0x0000026f14719770 flushing  nmethod 0x0000026f01007590
Event: 30.004 Thread 0x0000026f14719770 flushing  nmethod 0x0000026f01009690

Events (20 events):
Event: 17.188 Thread 0x0000026f1b437d20 Thread exited: 0x0000026f1b437d20
Event: 18.591 Thread 0x0000026f195bce50 Thread exited: 0x0000026f195bce50
Event: 19.575 Thread 0x0000026f14799d40 Thread added: 0x0000026f1a52a750
Event: 20.538 Thread 0x0000026f1a52a750 Thread exited: 0x0000026f1a52a750
Event: 20.651 Thread 0x0000026f14799d40 Thread added: 0x0000026f1a2f14d0
Event: 21.141 Thread 0x0000026f1a2f14d0 Thread exited: 0x0000026f1a2f14d0
Event: 22.018 Thread 0x0000026f14799d40 Thread added: 0x0000026f1a2f14d0
Event: 22.252 Thread 0x0000026f14799d40 Thread added: 0x0000026f1a3529d0
Event: 22.692 Thread 0x0000026f1a3529d0 Thread exited: 0x0000026f1a3529d0
Event: 22.750 Thread 0x0000026f1a2f14d0 Thread exited: 0x0000026f1a2f14d0
Event: 23.085 Thread 0x0000026f14799d40 Thread added: 0x0000026f1caecc80
Event: 23.447 Thread 0x0000026f1caecc80 Thread exited: 0x0000026f1caecc80
Event: 23.725 Thread 0x0000026f14799d40 Thread added: 0x0000026f1caecc80
Event: 24.022 Thread 0x0000026f1caecc80 Thread exited: 0x0000026f1caecc80
Event: 24.433 Thread 0x0000026f14798f50 Thread added: 0x0000026f1c99d630
Event: 25.143 Thread 0x0000026f14799d40 Thread added: 0x0000026f1c8bae90
Event: 28.835 Thread 0x0000026f1c8bae90 Thread exited: 0x0000026f1c8bae90
Event: 28.884 Thread 0x0000026f1c99d630 Thread exited: 0x0000026f1c99d630
Event: 30.862 Thread 0x0000026f14799d40 Thread added: 0x0000026f1b1f2000
Event: 30.922 Thread 0x0000026f14799d40 Thread added: 0x0000026f1aa555c0


Dynamic libraries:
0x00007ff7efde0000 - 0x00007ff7efdee000 	C:\Program Files\Ballerina\dependencies\jdk-21.0.5+11-jre\bin\java.exe
0x00007ffd4e9e0000 - 0x00007ffd4ec48000 	C:\WINDOWS\SYSTEM32\ntdll.dll
0x00007ffd4d2f0000 - 0x00007ffd4d3b9000 	C:\WINDOWS\System32\KERNEL32.DLL
0x00007ffd4bb70000 - 0x00007ffd4bf62000 	C:\WINDOWS\System32\KERNELBASE.dll
0x00007ffd4c030000 - 0x00007ffd4c17b000 	C:\WINDOWS\System32\ucrtbase.dll
0x00007ffd2f780000 - 0x00007ffd2f798000 	C:\Program Files\Ballerina\dependencies\jdk-21.0.5+11-jre\bin\jli.dll
0x00007ffd4cce0000 - 0x00007ffd4cea5000 	C:\WINDOWS\System32\USER32.dll
0x00007ffd4c6d0000 - 0x00007ffd4c6f7000 	C:\WINDOWS\System32\win32u.dll
0x00007ffd4cca0000 - 0x00007ffd4cccb000 	C:\WINDOWS\System32\GDI32.dll
0x00007ffd4c500000 - 0x00007ffd4c62d000 	C:\WINDOWS\System32\gdi32full.dll
0x00007ffd4c700000 - 0x00007ffd4c7a3000 	C:\WINDOWS\System32\msvcp_win.dll
0x00007ffd2dc40000 - 0x00007ffd2ded3000 	C:\WINDOWS\WinSxS\amd64_microsoft.windows.common-controls_6595b64144ccf1df_6.0.26100.6899_none_3e0efeeae32e88c1\COMCTL32.dll
0x00007ffd4e620000 - 0x00007ffd4e6c9000 	C:\WINDOWS\System32\msvcrt.dll
0x00007ffd2c050000 - 0x00007ffd2c06e000 	C:\Program Files\Ballerina\dependencies\jdk-21.0.5+11-jre\bin\VCRUNTIME140.dll
0x00007ffd4c900000 - 0x00007ffd4c92f000 	C:\WINDOWS\System32\IMM32.DLL
0x00007ffd39af0000 - 0x00007ffd39afc000 	C:\Program Files\Ballerina\dependencies\jdk-21.0.5+11-jre\bin\vcruntime140_1.dll
0x00007ffcebb60000 - 0x00007ffcebbed000 	C:\Program Files\Ballerina\dependencies\jdk-21.0.5+11-jre\bin\msvcp140.dll
0x00007ffc74a90000 - 0x00007ffc7581f000 	C:\Program Files\Ballerina\dependencies\jdk-21.0.5+11-jre\bin\server\jvm.dll
0x00007ffd4d530000 - 0x00007ffd4d5e4000 	C:\WINDOWS\System32\ADVAPI32.dll
0x00007ffd4d230000 - 0x00007ffd4d2d6000 	C:\WINDOWS\System32\sechost.dll
0x00007ffd4c9c0000 - 0x00007ffd4cad8000 	C:\WINDOWS\System32\RPCRT4.dll
0x00007ffd4c880000 - 0x00007ffd4c8f4000 	C:\WINDOWS\System32\WS2_32.dll
0x00007ffd4b9d0000 - 0x00007ffd4ba2e000 	C:\WINDOWS\SYSTEM32\POWRPROF.dll
0x00007ffd372c0000 - 0x00007ffd372cb000 	C:\WINDOWS\SYSTEM32\VERSION.dll
0x00007ffd2fe70000 - 0x00007ffd2fea5000 	C:\WINDOWS\SYSTEM32\WINMM.dll
0x00007ffd4b9b0000 - 0x00007ffd4b9c4000 	C:\WINDOWS\SYSTEM32\UMPDC.dll
0x00007ffd4a940000 - 0x00007ffd4a95b000 	C:\WINDOWS\SYSTEM32\kernel.appcore.dll
0x00007ffd39880000 - 0x00007ffd3988a000 	C:\Program Files\Ballerina\dependencies\jdk-21.0.5+11-jre\bin\jimage.dll
0x00007ffd49000000 - 0x00007ffd49242000 	C:\WINDOWS\SYSTEM32\DBGHELP.DLL
0x00007ffd4ceb0000 - 0x00007ffd4d22b000 	C:\WINDOWS\System32\combase.dll
0x00007ffd4d7c0000 - 0x00007ffd4d897000 	C:\WINDOWS\System32\OLEAUT32.dll
0x00007ffd2c240000 - 0x00007ffd2c27c000 	C:\WINDOWS\SYSTEM32\dbgcore.DLL
0x00007ffd4c630000 - 0x00007ffd4c6c8000 	C:\WINDOWS\System32\bcryptPrimitives.dll
0x00007ffcf9520000 - 0x00007ffcf953f000 	C:\Program Files\Ballerina\dependencies\jdk-21.0.5+11-jre\bin\java.dll
0x00007ffd4d8a0000 - 0x00007ffd4dfed000 	C:\WINDOWS\System32\SHELL32.dll
0x00007ffd4c390000 - 0x00007ffd4c4fb000 	C:\WINDOWS\System32\wintypes.dll
0x00007ffd497a0000 - 0x00007ffd49ffd000 	C:\WINDOWS\SYSTEM32\windows.storage.dll
0x00007ffd4e520000 - 0x00007ffd4e612000 	C:\WINDOWS\System32\SHCORE.dll
0x00007ffd4e6d0000 - 0x00007ffd4e732000 	C:\WINDOWS\System32\shlwapi.dll
0x00007ffd4ba90000 - 0x00007ffd4bab9000 	C:\WINDOWS\SYSTEM32\profapi.dll
0x00007ffd39080000 - 0x00007ffd39090000 	C:\Program Files\Ballerina\dependencies\jdk-21.0.5+11-jre\bin\net.dll
0x00007ffd409a0000 - 0x00007ffd40abf000 	C:\WINDOWS\SYSTEM32\WINHTTP.dll
0x00007ffd4aeb0000 - 0x00007ffd4af1b000 	C:\WINDOWS\system32\mswsock.dll
0x00007ffcf9500000 - 0x00007ffcf9516000 	C:\Program Files\Ballerina\dependencies\jdk-21.0.5+11-jre\bin\nio.dll
0x00007ffcf9470000 - 0x00007ffcf9488000 	C:\Program Files\Ballerina\dependencies\jdk-21.0.5+11-jre\bin\zip.dll
0x00007ffd4b160000 - 0x00007ffd4b17b000 	C:\WINDOWS\SYSTEM32\CRYPTSP.dll
0x00007ffd4a8a0000 - 0x00007ffd4a8db000 	C:\WINDOWS\system32\rsaenh.dll
0x00007ffd4af50000 - 0x00007ffd4af7b000 	C:\WINDOWS\SYSTEM32\USERENV.dll
0x00007ffd4ba60000 - 0x00007ffd4ba86000 	C:\WINDOWS\SYSTEM32\bcrypt.dll
0x00007ffd4b180000 - 0x00007ffd4b18c000 	C:\WINDOWS\SYSTEM32\CRYPTBASE.dll
0x00007ffd4a3f0000 - 0x00007ffd4a424000 	C:\WINDOWS\SYSTEM32\IPHLPAPI.DLL
0x00007ffd4ccd0000 - 0x00007ffd4ccda000 	C:\WINDOWS\System32\NSI.dll

dbghelp: loaded successfully - version: 4.0.5 - missing functions: none
symbol engine: initialized successfully - sym options: 0x614 - pdb path: .;C:\Program Files\Ballerina\dependencies\jdk-21.0.5+11-jre\bin;C:\WINDOWS\SYSTEM32;C:\WINDOWS\WinSxS\amd64_microsoft.windows.common-controls_6595b64144ccf1df_6.0.26100.6899_none_3e0efeeae32e88c1;C:\Program Files\Ballerina\dependencies\jdk-21.0.5+11-jre\bin\server

VM Arguments:
jvm_args: -Dballerina.home=C:\Program Files\Ballerina\distributions\ballerina-2201.12.7 
java_command: org.ballerinalang.langserver.launchers.stdio.Main
java_class_path (initial): C:\Program Files\Ballerina\distributions\ballerina-2201.12.7\bre\lib\annotations-2201.12.7.jar;C:\Program Files\Ballerina\distributions\ballerina-2201.12.7\bre\lib\array-2201.12.7.jar;C:\Program Files\Ballerina\distributions\ballerina-2201.12.7\bre\lib\asm-9.7.jar;C:\Program Files\Ballerina\distributions\ballerina-2201.12.7\bre\lib\asm-analysis-9.7.jar;C:\Program Files\Ballerina\distributions\ballerina-2201.12.7\bre\lib\asm-commons-9.7.jar;C:\Program Files\Ballerina\distributions\ballerina-2201.12.7\bre\lib\asm-tree-9.7.jar;C:\Program Files\Ballerina\distributions\ballerina-2201.12.7\bre\lib\asm-util-9.7.jar;C:\Program Files\Ballerina\distributions\ballerina-2201.12.7\bre\lib\asyncapi-cli-0.11.0.jar;C:\Program Files\Ballerina\distributions\ballerina-2201.12.7\bre\lib\atomikos-util-5.0.8.jar;C:\Program Files\Ballerina\distributions\ballerina-2201.12.7\bre\lib\axiom-api-1.4.0.jar;C:\Program Files\Ballerina\distributions\ballerina-2201.12.7\bre\lib\axiom-impl-1.4.0.jar;C:\Program Files\Ballerina\distributions\ballerina-2201.12.7\bre\lib\ballerina-bindgen-2201.12.7.jar;C:\Program Files\Ballerina\distributions\ballerina-2201.12.7\bre\lib\ballerina-cli-2201.12.7.jar;C:\Program Files\Ballerina\distributions\ballerina-2201.12.7\bre\lib\ballerina-io-internal-2201.12.7.jar;C:\Program Files\Ballerina\distributions\ballerina-2201.12.7\bre\lib\ballerina-lang-2201.12.7.jar;C:\Program Files\Ballerina\distributions\ballerina-2201.12.7\bre\lib\ballerina-linter-2201.12.7.jar;C:\Program Files\Ballerina\distributions\ballerina-2201.12.7\bre\lib\ballerina-metrics-extension-2201.12.7.jar;C:\Program Files\Ballerina\distributions\ballerina-2201.12.7\bre\lib\ballerina-parser-2201.12.7.jar;C:\Program Files\Ballerina\distributions\ballerina-2201.12.7\bre\lib\ballerina-profiler-1.0.jar;C:\Program Files\Ballerina\distributions\ballerina-2201.12.7\bre\lib\ballerina-rt-2201.12.7.jar;C:\Program Files\Ballerina\distributions\ballerina-2201.12.7\bre\lib\ballerina-to-openapi-2.3.2.jar;C:\Program Files\Ballerina\distributions\ballerina-2201.12.7\bre\lib\ballerina-tools-api-2201.12.7.jar;C:\Program Files\Ballerina\distributions\ballerina-2201.12.7\bre\lib\bool-2201.12.7.jar;C:\Program Files\Ballerina\distributions\ballerina-2201.12.7\bre\lib\central-client-2201.12.7.jar;C:\Program Files\Ballerina\distributions\ballerina-2201.12.7\bre\lib\commons-beanutils-1.9.4.jar;C:\Program Files\Ballerina\distributions\ballerina-2201.12.7\bre\lib\commons-codec-1.14.jar;C:\Program Files\Ballerina\distributions\ballerina-2201.12.7\bre\lib\commons-collections-3.2.2.jar;C:\Program Files\Ballerina\distributions\ballerina-2201.12.7\bre\lib\commons-compress-1.26.2.jar;C:\Program Files\Ballerina\distributions\ballerina-2201.12.7\bre\lib\commons-text-1.10.0.jar;C:\Program Files\Ballerina\distributions\ballerina-2201.12.7\bre\lib\compiler-0.8.9.jar;C:\Program Files\Ballerina\distributions\ballerina-2201.12.7\bre\lib\configurable-schema-generator-2201.12.7.jar;C:\Program Files\Ballerina\distributions\ballerina-2201.12.7\bre\lib\decimal-2201.12.7.jar;C:\Program Files\Ballerina\distributions\ballerina-2201.12.7\bre\lib\docerina-2201.12.7.jar;C:\Program Files\Ballerina\distributions\ballerina-2201.12.7\bre\lib\error-2201.12.7.jar;C:\Program Files\Ballerina\distributions\ballerina-2201.12.7\bre\lib\floatingpoint-2201.12.7.jar;C:\Program Files\Ballerina\distributions\ballerina-2201.12.7\bre\lib\formatter-cli-2201.12.7.jar;C:\Program Files\Ballerina\distributions\ballerina-2201.12.7\bre\lib\formatter-core-2201.12.7.jar;C:\Program Files\Ballerina\distributions\ballerina-2201.12.7\bre\lib\function-2201.12.7.jar;C:\Program Files\Ballerina\distributions\ballerina-2201.12.7\bre\lib\future-2201.12.7.jar;C:\Program Files\Ballerina\distributions\ballerina-2201.12.7\bre\lib\geronimo-stax-api_1.0_spec-1.0.1.jar;C:\Program Files\Ballerina\distributions\ballerina-2201.12.7\bre\lib\graphql-cli-0.13.0.jar;C:\Program Files\Ballerina\distributions\ballerina-2201.12.7\bre\lib\graphql-code-generator-0.13.0.jar;C:\Program Files\Ballerina\distributions\ballerina-2201.12.7\bre\lib\graphql-schema-file-generator-0.13.0.jar;C:\Program Files\Ballerina\distributions\ballerina-2201.12.7\bre\lib\gson-2.10.1.jar;C:\Program Files\Ballerina\distributions\ballerina-2201.12.7\bre\lib\identifier-util-2201.12.7.jar;C:\Program Files\Ballerina\distributions\ballerina-2201.12.7\bre\lib\integer-2201.12.7.jar;C:\Program Files\Ballerina\distributions\ballerina-2201.12.7\bre\lib\internal-2201.12.7.jar;C:\Program Files\Ballerina\distributions\ballerina-2201.12.7\bre\lib\jackson-annotations-2.15.3.jar;C:\Program Files\Ballerina\distributions\ballerina-2201.12.7\bre\lib\jackson-core-2.15.3.jar;C:\Program Files\Ballerina\distributions\ballerina-2201.12.7\bre\lib\jackson-databind-2.15.3.jar;C:\Program Files\Ballerina\distributions\ballerina-2201.12.7\bre\lib\jackson-dataformat-yaml-2.15.3.jar;C:\Program Files\Ballerina\distributions\ballerina-2201.12.7\bre\lib\jackson-datatype-jsr310-2.15.3.jar;C:\Program Files\Ballerina\distributions\ballerina-2201.12.7\bre\lib\jacocoagent.jar;C:\Program Files\Ballerina\distributions\ballerina-2201.12.7\bre\lib\jaeger-core-0.31.0.jar;C:\Program Files\Ballerina\distributions\ballerina-2201.12.7\bre\lib\jaeger-thrift-0.31.0.jar;C:\Program Files\Ballerina\distributions\ballerina-2201.12.7\bre\lib\java-diff-utils-4.5.jar;C:\Program Files\Ballerina\distributions\ballerina-2201.12.7\bre\lib\javax.mail-1.6.2.jar;C:\Program Files\Ballerina\distributions\ballerina-2201.12.7\bre\lib\javax.transaction-api-1.3.jar;C:\Program Files\Ballerina\distributions\ballerina-2201.12.7\bre\lib\jballerina.java-2201.12.7.jar;C:\Program Files\Ballerina\distributions\ballerina-2201.12.7\bre\lib\jline-3.25.0.jar;C:\Program Files\Ballerina\distributions\ballerina-2201.12.7\bre\lib\kotlin-stdlib-1.6.0.jar;C:\Program Files\Ballerina\distributions\ballerina-2201.12.7\bre\lib\kotlin-stdlib-common-1.6.0.jar;C:\Program Files\Ballerina\distributions\ballerina-2201.12.7\bre\lib\map-2201.12.7.jar;C:\Program Files\Ballerina\distributions\ballerina-2201.12.7\bre\lib\maven-resolver-2201.12.7.jar;C:\Program Files\Ballerina\distributions\ballerina-2201.12.7\bre\lib\netty-buffer-4.1.118.Final.jar;C:\Program Files\Ballerina\distributions\ballerina-2201.12.7\bre\lib\netty-common-4.1.118.Final.jar;C:\Program Files\Ballerina\distributions\ballerina-2201.12.7\bre\lib\netty-resolver-4.1.118.Final.jar;C:\Program Files\Ballerina\distributions\ballerina-2201.12.7\bre\lib\netty-transport-4.1.118.Final.jar;C:\Program Files\Ballerina\distributions\ballerina-2201.12.7\bre\lib\netty-transport-native-epoll-4.1.118.Final.jar;C:\Program Files\Ballerina\distributions\ballerina-2201.12.7\bre\lib\netty-transport-native-kqueue-4.1.118.Final.jar;C:\Program Files\Ballerina\distributions\ballerina-2201.12.7\bre\lib\object-2201.12.7.jar;C:\Program Files\Ballerina\distributions\ballerina-2201.12.7\bre\lib\okhttp-3.14.0.jar;C:\Program Files\Ballerina\distributions\ballerina-2201.12.7\bre\lib\okio-jvm-3.4.0.jar;C:\Program Files\Ballerina\distributions\ballerina-2201.12.7\bre\lib\openapi-bal-task-plugin-2.3.2.jar;C:\Program Files\Ballerina\distributions\ballerina-2201.12.7\bre\lib\openapi-build-extension-2.3.2.jar;C:\Program Files\Ballerina\distributions\ballerina-2201.12.7\bre\lib\openapi-cli-2.3.2.jar;C:\Program Files\Ballerina\distributions\ballerina-2201.12.7\bre\lib\openapi-core-2.3.2.jar;C:\Program Files\Ballerina\distributions\ballerina-2201.12.7\bre\lib\openapi-validator-2.3.2.jar;C:\Program Files\Ballerina\distributions\ballerina-2201.12.7\bre\lib\org.jacoco.core-0.8.12.jar;C:\Program Files\Ballerina\distributions\ballerina-2201.12.7\bre\lib\org.jacoco.report-0.8.12.jar;C:\Program Files\Ballerina\distributions\ballerina-2201.12.7\bre\lib\org.wso2.carbon.core-5.1.0.jar;C:\Program Files\Ballerina\distributions\ballerina-2201.12.7\bre\lib\org.wso2.carbon.messaging-2.3.7.jar;C:\Program Files\Ballerina\distributions\ballerina-2201.12.7\bre\lib\org.wso2.carbon.metrics.core-2.3.7.jar;C:\Program Files\Ballerina\distributions\ballerina-2201.12.7\bre\lib\org.wso2.securevault-1.0.0-wso2v2.jar;C:\Program Files\Ballerina\distributions\ballerina-2201.12.7\bre\lib\org.wso2.transport.http.netty-6.3.11.jar;C:\Program Files\Ballerina\distributions\ballerina-2201.12.7\bre\lib\org.wso2.transport.local-file-system-6.0.55.jar;C:\Program Files\Ballerina\distributions\ballerina-2201.12.7\bre\lib\package-semantic-analyzer-1.0.0.jar;C:\Program Files\Ballerina\distributions\ballerina-2201.12.7\bre\lib\persist-cli-1.6.0.jar;C:\Program Files\Ballerina\distributions\ballerina-2201.12.7\bre\lib\picocli-4.0.1.jar;C:\Program Files\Ballerina\distributions\ballerina-2201.12.7\bre\lib\progressbar-0.7.4.jar;C:\Program Files\Ballerina\distributions\ballerina-2201.12.7\bre\lib\protoc-cli-0.5.0.jar;C:\Program Files\Ballerina\distributions\ballerina-2201.12.7\bre\lib\query-2201.12.7.jar;C:\Program Files\Ballerina\distributions\ballerina-2201.12.7\bre\lib\regexp-2201.12.7.jar;C:\Program Files\Ballerina\distributions\ballerina-2201.12.7\bre\lib\runtime-2201.12.7.jar;C:\Program Files\Ballerina\distributions\ballerina-2201.12.7\bre\lib\semver-checker-cli-2201.12.7.jar;C:\Program Files\Ballerina\distributions\ballerina-2201.12.7\bre\lib\semver-checker-core-2201.12.7.jar;C:\Program Files\Ballerina\distributions\ballerina-2201.12.7\bre\lib\shell-cli-2201.12.7.jar;C:\Program Files\Ballerina\distributions\ballerina-2201.12.7\bre\lib\shell-core-2201.12.7.jar;C:\Program Files\Ballerina\distributions\ballerina-2201.12.7\bre\lib\snakeyaml-2.0.jar;C:\Program Files\Ballerina\distributions\ballerina-2201.12.7\bre\lib\stax2-api-4.2.1.jar;C:\Program Files\Ballerina\distributions\ballerina-2201.12.7\bre\lib\staxon-core-1.2.0.wso2v2.jar;C:\Program Files\Ballerina\distributions\ballerina-2201.12.7\bre\lib\stream-2201.12.7.jar;C:\Program Files\Ballerina\distributions\ballerina-2201.12.7\bre\lib\string-2201.12.7.jar;C:\Program Files\Ballerina\distributions\ballerina-2201.12.7\bre\lib\syntax-api-calls-gen-2201.12.7.jar;C:\Program Files\Ballerina\distributions\ballerina-2201.12.7\bre\lib\table-2201.12.7.jar;C:\Program Files\Ballerina\distributions\ballerina-2201.12.7\bre\lib\testerina-core-2201.12.7.jar;C:\Program Files\Ballerina\distributions\ballerina-2201.12.7\bre\lib\testerina-runtime-2201.12.7.jar;C:\Program Files\Ballerina\distributions\ballerina-2201.12.7\bre\lib\toml-parser-2201.12.7.jar;C:\Program Files\Ballerina\distributions\ballerina-2201.12.7\bre\lib\transaction-2201.12.7.jar;C:\Program Files\Ballerina\distributions\ballerina-2201.12.7\bre\lib\transactions-5.0.8.jar;C:\Program Files\Ballerina\distributions\ballerina-2201.12.7\bre\lib\transactions-api-5.0.8.jar;C:\Program Files\Ballerina\distributions\ballerina-2201.12.7\bre\lib\transactions-jta-5.0.8.jar;C:\Program Files\Ballerina\distributions\ballerina-2201.12.7\bre\lib\typedesc-2201.12.7.jar;C:\Program Files\Ballerina\distributions\ballerina-2201.12.7\bre\lib\value-2201.12.7.jar;C:\Program Files\Ballerina\distributions\ballerina-2201.12.7\bre\lib\woodstox-core-6.5.0.jar;C:\Program Files\Ballerina\distributions\ballerina-2201.12.7\bre\lib\xml-2201.12.7.jar;C:\Program Files\Ballerina\distributions\ballerina-2201.12.7\lib\tools\lang-server\lib\ballerinalang-data-mapper-2201.12.7.jar;C:\Program Files\Ballerina\distributions\ballerina-2201.12.7\lib\tools\lang-server\lib\cloud-tooling-3.3.2.jar;C:\Program Files\Ballerina\distributions\ballerina-2201.12.7\lib\tools\lang-server\lib\commons-io-2.15.1.jar;C:\Program Files\Ballerina\distributions\ballerina-2201.12.7\lib\tools\lang-server\lib\guava-32.0.1-jre.jar;C:\Program Files\Ballerina\distributions\ballerina-2201.12.7\lib\tools\lang-server\lib\json-to-record-converter-2201.12.7.jar;C:\Program Files\Ballerina\distributions\ballerina-2201.12.7\lib\tools\lang-server\lib\partial-parser-2201.12.7.jar;C:\Program Files\Ballerina\distributions\ballerina-2201.12.7\lib\tools\lang-server\lib\performance-analyzer-services-2201.12.7.jar;C:\Program Files\Ballerina\distributions\ballerina-2201.12.7\lib\tools\lang-server\lib\trigger-service-2201.12.7.jar;C:\Program Files\Ballerina\distributions\ballerina-2201.12.7\lib\tools\lang-server\lib\xml-to-record-converter-2201.12.7.jar;C:\Program Files\Ballerina\distributions\ballerina-2201.12.7\lib\tools\debug-adapter\lib\commons-io-2.15.1.jar;C:\Program Files\Ballerina\distributions\ballerina-2201.12.7\lib\tools\debug-adapter\lib\debug-adapter-cli-2201.12.7.jar;C:\Program Files\Ballerina\distributions\ballerina-2201.12.7\lib\tools\debug-adapter\lib\debug-adapter-core-2201.12.7.jar;C:\Program Files\Ballerina\distributions\ballerina-2201.12.7\lib\tools\debug-adapter\lib\java-semver-0.9.0.jar;c:\Users\Hello\.vscode\extensions\wso2.ballerina-5.6.425120514\ls\ballerina-language-server-1.4.4-rc.1.jar
Launcher Type: SUN_STANDARD

[Global flags]
     intx CICompilerCount                          = 4                                         {product} {ergonomic}
     uint ConcGCThreads                            = 2                                         {product} {ergonomic}
     uint G1ConcRefinementThreads                  = 8                                         {product} {ergonomic}
   size_t G1HeapRegionSize                         = 2097152                                   {product} {ergonomic}
    uintx GCDrainStackTargetSize                   = 64                                        {product} {ergonomic}
   size_t InitialHeapSize                          = 197132288                                 {product} {ergonomic}
   size_t MarkStackSize                            = 4194304                                   {product} {ergonomic}
   size_t MaxHeapSize                              = 3141533696                                {product} {ergonomic}
   size_t MaxNewSize                               = 1883242496                                {product} {ergonomic}
   size_t MinHeapDeltaBytes                        = 2097152                                   {product} {ergonomic}
   size_t MinHeapSize                              = 8388608                                   {product} {ergonomic}
    uintx NonNMethodCodeHeapSize                   = 5839372                                {pd product} {ergonomic}
    uintx NonProfiledCodeHeapSize                  = 122909434                              {pd product} {ergonomic}
    uintx ProfiledCodeHeapSize                     = 122909434                              {pd product} {ergonomic}
    uintx ReservedCodeCacheSize                    = 251658240                              {pd product} {ergonomic}
     bool SegmentedCodeCache                       = true                                      {product} {ergonomic}
   size_t SoftMaxHeapSize                          = 3141533696                             {manageable} {ergonomic}
     bool UseCompressedOops                        = true                           {product lp64_product} {ergonomic}
     bool UseG1GC                                  = true                                      {product} {ergonomic}
     bool UseLargePagesIndividualAllocation        = false                                  {pd product} {ergonomic}

Logging:
Log output configuration:
 #0: stdout all=warning uptime,level,tags foldmultilines=false
 #1: stderr all=off uptime,level,tags foldmultilines=false

Environment Variables:
JAVA_HOME=C:\Program Files\Java\jdk-22
PATH=C:\Program Files\Java\jdk-22;C:\Python312\Scripts\;C:\Python312\;C:\Program Files (x86)\Common Files\Intel\Shared Libraries\redist\intel64\compiler;C:\Program Files\Common Files\Oracle\Java\javapath;C:\WINDOWS\system32;C:\WINDOWS;C:\WINDOWS\System32\Wbem;C:\WINDOWS\System32\WindowsPowerShell\v1.0\;C:\WINDOWS\System32\OpenSSH\;C:\Program Files\Java\jdk-22\bin;C:\Program Files\Git\cmd;C:\Program Files\nodejs\;C:\ProgramData\chocolatey\bin;C:\Program Files\Microsoft SQL Server\150\Tools\Binn\;C:\Program Files\Microsoft SQL Server\Client SDK\ODBC\170\Tools\Binn\;C:\Program Files\dotnet\;C:\Program Files (x86)\Windows Kits\10\Windows Performance Toolkit\;C:\Python312\Scripts;C:\Python312;C:\Program Files\Ballerina\\bin;C:\Program Files (x86)\Microsoft SQL Server\160\Tools\Binn\;C:\Program Files\Microsoft SQL Server\160\Tools\Binn\;C:\Program Files\Microsoft SQL Server\160\DTS\Binn\;C:\Program Files (x86)\Microsoft SQL Server\160\DTS\Binn\;C:\Program Files (x86)\QuickTime\QTSystem\;C:\Program Files\apache-maven-3.9.9\bin;C:\Program Files\MySQL\MySQL Server 8.0\bin;C:\Users\Hello\.dotnet\tools;C:\flutter\bin;C:\Users\Hello\AppData\Roaming\npm;C:\Program Files\Docker\Docker\resources\bin;C:\Users\Hello\AppData\Local\Android\Sdk\platform-tools;C:\Program Files\MySQL\MySQL Shell 8.0\bin\;C:\Program Files\Java\jdk-22;C:\Python312\Scripts\;C:\Python312\;C:\Program Files (x86)\Common Files\Intel\Shared Libraries\redist\intel64\compiler;C:\Program Files\Common Files\Oracle\Java\javapath;C:\WINDOWS\system32;C:\WINDOWS;C:\WINDOWS\System32\Wbem;C:\WINDOWS\System32\WindowsPowerShell\v1.0\;C:\WINDOWS\System32\OpenSSH\;C:\Program Files\Java\jdk-22\bin;C:\Program Files\Git\cmd;C:\Program Files\nodejs\;C:\ProgramData\chocolatey\bin;C:\Program Files\Microsoft SQL Server\150\Tools\Binn\;C:\Program Files\Microsoft SQL Server\Client SDK\ODBC\170\Tools\Binn\;C:\Program Files\dotnet\;C:\Program Files (x86)\Windows Kits\10\Windows Performance Toolkit\;C:\Python312\Scripts;C:\Python312;C:\Program Files\Ballerina\\bin;C:\Program Files (x86)\Microsoft SQL Server\160\Tools\Binn\;C:\Program Files\Microsoft SQL Server\160\Tools\Binn\;C:\Program Files\Microsoft SQL Server\160\DTS\Binn\;C:\Program Files (x86)\Microsoft SQL Server\160\DTS\Binn\;C:\Program Files (x86)\QuickTime\QTSystem\;C:\Program Files\apache-maven-3.9.9\bin;C:\Program Files\MySQL\MySQL Server 8.0\bin;C:\Users\Hello\.dotnet\tools;C:\flutter\bin;C:\Users\Hello\AppData\Roaming\npm;C:\Program Files\Docker\Docker\resources\bin;C:\Users\Hello\AppData\Local\Android\Sdk\platform-tools;;C:\Users\Hello\AppData\Local\Programs\cursor\resources\app\bin;C:\Users\Hello\AppData\Local\Programs\Microsoft VS Code\bin;C:\Program Files\JetBrains\IntelliJ IDEA 2025.2.3\bin;C:\Users\Hello\.dotnet\tools
USERNAME=Hello
OS=Windows_NT
PROCESSOR_IDENTIFIER=Intel64 Family 6 Model 140 Stepping 1, GenuineIntel
TMP=C:\Users\Hello\AppData\Local\Temp
TEMP=C:\Users\Hello\AppData\Local\Temp




Periodic native trim disabled

---------------  S Y S T E M  ---------------

OS:
 Windows 11 , 64 bit Build 26100 (10.0.26100.6725)
OS uptime: 10 days 5:01 hours
Hyper-V role detected

CPU: total 8 (initial active 8) (4 cores per cpu, 2 threads per core) family 6 model 140 stepping 1 microcode 0xa6, cx8, cmov, fxsr, ht, mmx, 3dnowpref, sse, sse2, sse3, ssse3, sse4.1, sse4.2, popcnt, lzcnt, tsc, tscinvbit, avx, avx2, aes, erms, clmul, bmi1, bmi2, adx, avx512f, avx512dq, avx512cd, avx512bw, avx512vl, sha, fma, vzeroupper, avx512_vpopcntdq, avx512_vpclmulqdq, avx512_vaes, avx512_vnni, clflush, clflushopt, clwb, avx512_vbmi2, avx512_vbmi, hv, rdtscp, rdpid, fsrm, gfni, avx512_bitalg, f16c, cet_ibt, cet_ss, avx512_ifma
Processor Information for all 8 processors :
  Max Mhz: 2803, Current Mhz: 2803, Mhz Limit: 2803

Memory: 4k page, system-wide physical 11982M (1077M free)
TotalPageFile size 48846M (AvailPageFile size 7M)
current process WorkingSet (physical memory assigned to process): 436M, peak: 439M
current process commit charge ("private bytes"): 503M, peak: 503M

vm_info: OpenJDK 64-Bit Server VM (21.0.5+11-LTS) for windows-amd64 JRE (21.0.5+11-LTS), built on 2024-10-15T00:00:00Z by "admin" with MS VC++ 17.7 (VS2022)

END.
